CRITICAL - 2023-11-01 00:00:16 --> Call to a member function isValid() on null
in APPPATH\Controllers\VuelosController.php on line 30.
 1 SYSTEMPATH\CodeIgniter.php(919): App\Controllers\VuelosController->subirvuelos()
 2 SYSTEMPATH\CodeIgniter.php(494): CodeIgniter\CodeIgniter->runController(Object(App\Controllers\VuelosController))
 3 SYSTEMPATH\CodeIgniter.php(353): CodeIgniter\CodeIgniter->handleRequest(null, Object(Config\Cache), false)
 4 FCPATH\index.php(79): CodeIgniter\CodeIgniter->run()
CRITICAL - 2023-11-01 00:03:37 --> Call to undefined method CodeIgniter\HTTP\Files\UploadedFile::getClientExension()
in APPPATH\Controllers\VuelosController.php on line 31.
 1 SYSTEMPATH\CodeIgniter.php(919): App\Controllers\VuelosController->subirvuelos()
 2 SYSTEMPATH\CodeIgniter.php(494): CodeIgniter\CodeIgniter->runController(Object(App\Controllers\VuelosController))
 3 SYSTEMPATH\CodeIgniter.php(353): CodeIgniter\CodeIgniter->handleRequest(null, Object(Config\Cache), false)
 4 FCPATH\index.php(79): CodeIgniter\CodeIgniter->run()
INFO - 2023-11-01 18:46:16 --> Session: Class initialized using 'CodeIgniter\Session\Handlers\FileHandler' driver.
INFO - 2023-11-01 18:46:19 --> Session: Class initialized using 'CodeIgniter\Session\Handlers\FileHandler' driver.
INFO - 2023-11-01 18:46:34 --> Session: Class initialized using 'CodeIgniter\Session\Handlers\FileHandler' driver.
CRITICAL - 2023-11-01 18:49:15 --> Call to undefined method CodeIgniter\HTTP\Files\UploadedFile::getClientExension()
in APPPATH\Controllers\VuelosController.php on line 31.
 1 SYSTEMPATH\CodeIgniter.php(919): App\Controllers\VuelosController->subirvuelos()
 2 SYSTEMPATH\CodeIgniter.php(494): CodeIgniter\CodeIgniter->runController(Object(App\Controllers\VuelosController))
 3 SYSTEMPATH\CodeIgniter.php(353): CodeIgniter\CodeIgniter->handleRequest(null, Object(Config\Cache), false)
 4 FCPATH\index.php(79): CodeIgniter\CodeIgniter->run()
CRITICAL - 2023-11-01 18:50:04 --> Call to undefined method CodeIgniter\HTTP\Files\UploadedFile::getClientExension()
in APPPATH\Controllers\VuelosController.php on line 31.
 1 SYSTEMPATH\CodeIgniter.php(919): App\Controllers\VuelosController->subirvuelos()
 2 SYSTEMPATH\CodeIgniter.php(494): CodeIgniter\CodeIgniter->runController(Object(App\Controllers\VuelosController))
 3 SYSTEMPATH\CodeIgniter.php(353): CodeIgniter\CodeIgniter->handleRequest(null, Object(Config\Cache), false)
 4 FCPATH\index.php(79): CodeIgniter\CodeIgniter->run()
CRITICAL - 2023-11-01 18:50:25 --> Call to undefined method CodeIgniter\HTTP\Files\UploadedFile::getClientExension()
in APPPATH\Controllers\VuelosController.php on line 31.
 1 SYSTEMPATH\CodeIgniter.php(919): App\Controllers\VuelosController->subirvuelos()
 2 SYSTEMPATH\CodeIgniter.php(494): CodeIgniter\CodeIgniter->runController(Object(App\Controllers\VuelosController))
 3 SYSTEMPATH\CodeIgniter.php(353): CodeIgniter\CodeIgniter->handleRequest(null, Object(Config\Cache), false)
 4 FCPATH\index.php(79): CodeIgniter\CodeIgniter->run()
CRITICAL - 2023-11-01 19:16:08 --> syntax error, unexpected token "else", expecting "function" or "const"
in APPPATH\Controllers\VuelosController.php on line 39.
 1 SYSTEMPATH\Autoloader\Autoloader.php(285): CodeIgniter\Autoloader\Autoloader->includeFile('C:\\xampp1\\htdocs\\aereoz\\app\\Controllers\\VuelosController.php')
 2 SYSTEMPATH\Autoloader\Autoloader.php(263): CodeIgniter\Autoloader\Autoloader->loadInNamespace('App\\Controllers\\VuelosController')
 3 [internal function]: CodeIgniter\Autoloader\Autoloader->loadClass('App\\Controllers\\VuelosController')
 4 SYSTEMPATH\CodeIgniter.php(877): class_exists('\\App\\Controllers\\VuelosController', true)
 5 SYSTEMPATH\CodeIgniter.php(481): CodeIgniter\CodeIgniter->startController()
 6 SYSTEMPATH\CodeIgniter.php(353): CodeIgniter\CodeIgniter->handleRequest(null, Object(Config\Cache), false)
 7 FCPATH\index.php(79): CodeIgniter\CodeIgniter->run()
CRITICAL - 2023-11-01 19:16:48 --> syntax error, unexpected token "else"
in APPPATH\Controllers\VuelosController.php on line 39.
 1 SYSTEMPATH\Autoloader\Autoloader.php(285): CodeIgniter\Autoloader\Autoloader->includeFile('C:\\xampp1\\htdocs\\aereoz\\app\\Controllers\\VuelosController.php')
 2 SYSTEMPATH\Autoloader\Autoloader.php(263): CodeIgniter\Autoloader\Autoloader->loadInNamespace('App\\Controllers\\VuelosController')
 3 [internal function]: CodeIgniter\Autoloader\Autoloader->loadClass('App\\Controllers\\VuelosController')
 4 SYSTEMPATH\CodeIgniter.php(877): class_exists('\\App\\Controllers\\VuelosController', true)
 5 SYSTEMPATH\CodeIgniter.php(481): CodeIgniter\CodeIgniter->startController()
 6 SYSTEMPATH\CodeIgniter.php(353): CodeIgniter\CodeIgniter->handleRequest(null, Object(Config\Cache), false)
 7 FCPATH\index.php(79): CodeIgniter\CodeIgniter->run()
CRITICAL - 2023-11-01 19:16:49 --> syntax error, unexpected token "else"
in APPPATH\Controllers\VuelosController.php on line 39.
 1 SYSTEMPATH\Autoloader\Autoloader.php(285): CodeIgniter\Autoloader\Autoloader->includeFile('C:\\xampp1\\htdocs\\aereoz\\app\\Controllers\\VuelosController.php')
 2 SYSTEMPATH\Autoloader\Autoloader.php(263): CodeIgniter\Autoloader\Autoloader->loadInNamespace('App\\Controllers\\VuelosController')
 3 [internal function]: CodeIgniter\Autoloader\Autoloader->loadClass('App\\Controllers\\VuelosController')
 4 SYSTEMPATH\CodeIgniter.php(877): class_exists('\\App\\Controllers\\VuelosController', true)
 5 SYSTEMPATH\CodeIgniter.php(481): CodeIgniter\CodeIgniter->startController()
 6 SYSTEMPATH\CodeIgniter.php(353): CodeIgniter\CodeIgniter->handleRequest(null, Object(Config\Cache), false)
 7 FCPATH\index.php(79): CodeIgniter\CodeIgniter->run()
CRITICAL - 2023-11-01 19:16:49 --> syntax error, unexpected token "else"
in APPPATH\Controllers\VuelosController.php on line 39.
 1 SYSTEMPATH\Autoloader\Autoloader.php(285): CodeIgniter\Autoloader\Autoloader->includeFile('C:\\xampp1\\htdocs\\aereoz\\app\\Controllers\\VuelosController.php')
 2 SYSTEMPATH\Autoloader\Autoloader.php(263): CodeIgniter\Autoloader\Autoloader->loadInNamespace('App\\Controllers\\VuelosController')
 3 [internal function]: CodeIgniter\Autoloader\Autoloader->loadClass('App\\Controllers\\VuelosController')
 4 SYSTEMPATH\CodeIgniter.php(877): class_exists('\\App\\Controllers\\VuelosController', true)
 5 SYSTEMPATH\CodeIgniter.php(481): CodeIgniter\CodeIgniter->startController()
 6 SYSTEMPATH\CodeIgniter.php(353): CodeIgniter\CodeIgniter->handleRequest(null, Object(Config\Cache), false)
 7 FCPATH\index.php(79): CodeIgniter\CodeIgniter->run()
CRITICAL - 2023-11-01 19:35:37 --> Undefined array key "descripcion"
in APPPATH\Controllers\VuelosController.php on line 40.
 1 APPPATH\Controllers\VuelosController.php(40): CodeIgniter\Debug\Exceptions->errorHandler(2, 'Undefined array key "descripcion"', 'C:\\xampp1\\htdocs\\aereoz\\app\\Controllers\\VuelosController.php', 40)
 2 SYSTEMPATH\CodeIgniter.php(919): App\Controllers\VuelosController->subirvuelos()
 3 SYSTEMPATH\CodeIgniter.php(494): CodeIgniter\CodeIgniter->runController(Object(App\Controllers\VuelosController))
 4 SYSTEMPATH\CodeIgniter.php(353): CodeIgniter\CodeIgniter->handleRequest(null, Object(Config\Cache), false)
 5 FCPATH\index.php(79): CodeIgniter\CodeIgniter->run()
INFO - 2023-11-01 20:35:32 --> Session: Class initialized using 'CodeIgniter\Session\Handlers\FileHandler' driver.
INFO - 2023-11-01 20:35:34 --> Session: Class initialized using 'CodeIgniter\Session\Handlers\FileHandler' driver.
