INFO - 2023-10-30 20:57:00 --> Session: Class initialized using 'CodeIgniter\Session\Handlers\FileHandler' driver.
INFO - 2023-10-30 20:57:01 --> Session: Class initialized using 'CodeIgniter\Session\Handlers\FileHandler' driver.
INFO - 2023-10-30 20:57:24 --> Session: Class initialized using 'CodeIgniter\Session\Handlers\FileHandler' driver.
CRITICAL - 2023-10-30 21:09:17 --> Allowed fields must be specified for model: "App\Models\VueloModel"
in SYSTEMPATH\Model.php on line 736.
 1 SYSTEMPATH\Model.php(736): CodeIgniter\Database\Exceptions\DataException::forInvalidAllowedFields('App\\Models\\VueloModel')
 2 SYSTEMPATH\BaseModel.php(763): CodeIgniter\Model->doProtectFieldsForInsert([...])
 3 SYSTEMPATH\Model.php(715): CodeIgniter\BaseModel->insert([...], true)
 4 APPPATH\Models\vuelomodel.php(13): CodeIgniter\Model->insert([...])
 5 APPPATH\Controllers\VuelosController.php(23): App\Models\VueloModel->subirvuelos([...])
 6 SYSTEMPATH\CodeIgniter.php(919): App\Controllers\VuelosController->subirvuelos()
 7 SYSTEMPATH\CodeIgniter.php(494): CodeIgniter\CodeIgniter->runController(Object(App\Controllers\VuelosController))
 8 SYSTEMPATH\CodeIgniter.php(353): CodeIgniter\CodeIgniter->handleRequest(null, Object(Config\Cache), false)
 9 FCPATH\index.php(79): CodeIgniter\CodeIgniter->run()
CRITICAL - 2023-10-30 21:11:06 --> Allowed fields must be specified for model: "App\Models\VueloModel"
in SYSTEMPATH\Model.php on line 736.
 1 SYSTEMPATH\Model.php(736): CodeIgniter\Database\Exceptions\DataException::forInvalidAllowedFields('App\\Models\\VueloModel')
 2 SYSTEMPATH\BaseModel.php(763): CodeIgniter\Model->doProtectFieldsForInsert([...])
 3 SYSTEMPATH\Model.php(715): CodeIgniter\BaseModel->insert([...], true)
 4 APPPATH\Models\vuelomodel.php(20): CodeIgniter\Model->insert([...])
 5 APPPATH\Controllers\VuelosController.php(23): App\Models\VueloModel->subirvuelos([...])
 6 SYSTEMPATH\CodeIgniter.php(919): App\Controllers\VuelosController->subirvuelos()
 7 SYSTEMPATH\CodeIgniter.php(494): CodeIgniter\CodeIgniter->runController(Object(App\Controllers\VuelosController))
 8 SYSTEMPATH\CodeIgniter.php(353): CodeIgniter\CodeIgniter->handleRequest(null, Object(Config\Cache), false)
 9 FCPATH\index.php(79): CodeIgniter\CodeIgniter->run()
CRITICAL - 2023-10-30 21:11:06 --> Allowed fields must be specified for model: "App\Models\VueloModel"
in SYSTEMPATH\Model.php on line 736.
 1 SYSTEMPATH\Model.php(736): CodeIgniter\Database\Exceptions\DataException::forInvalidAllowedFields('App\\Models\\VueloModel')
 2 SYSTEMPATH\BaseModel.php(763): CodeIgniter\Model->doProtectFieldsForInsert([...])
 3 SYSTEMPATH\Model.php(715): CodeIgniter\BaseModel->insert([...], true)
 4 APPPATH\Models\vuelomodel.php(20): CodeIgniter\Model->insert([...])
 5 APPPATH\Controllers\VuelosController.php(23): App\Models\VueloModel->subirvuelos([...])
 6 SYSTEMPATH\CodeIgniter.php(919): App\Controllers\VuelosController->subirvuelos()
 7 SYSTEMPATH\CodeIgniter.php(494): CodeIgniter\CodeIgniter->runController(Object(App\Controllers\VuelosController))
 8 SYSTEMPATH\CodeIgniter.php(353): CodeIgniter\CodeIgniter->handleRequest(null, Object(Config\Cache), false)
 9 FCPATH\index.php(79): CodeIgniter\CodeIgniter->run()
CRITICAL - 2023-10-30 21:11:07 --> Allowed fields must be specified for model: "App\Models\VueloModel"
in SYSTEMPATH\Model.php on line 736.
 1 SYSTEMPATH\Model.php(736): CodeIgniter\Database\Exceptions\DataException::forInvalidAllowedFields('App\\Models\\VueloModel')
 2 SYSTEMPATH\BaseModel.php(763): CodeIgniter\Model->doProtectFieldsForInsert([...])
 3 SYSTEMPATH\Model.php(715): CodeIgniter\BaseModel->insert([...], true)
 4 APPPATH\Models\vuelomodel.php(20): CodeIgniter\Model->insert([...])
 5 APPPATH\Controllers\VuelosController.php(23): App\Models\VueloModel->subirvuelos([...])
 6 SYSTEMPATH\CodeIgniter.php(919): App\Controllers\VuelosController->subirvuelos()
 7 SYSTEMPATH\CodeIgniter.php(494): CodeIgniter\CodeIgniter->runController(Object(App\Controllers\VuelosController))
 8 SYSTEMPATH\CodeIgniter.php(353): CodeIgniter\CodeIgniter->handleRequest(null, Object(Config\Cache), false)
 9 FCPATH\index.php(79): CodeIgniter\CodeIgniter->run()
CRITICAL - 2023-10-30 21:11:09 --> Allowed fields must be specified for model: "App\Models\VueloModel"
in SYSTEMPATH\Model.php on line 736.
 1 SYSTEMPATH\Model.php(736): CodeIgniter\Database\Exceptions\DataException::forInvalidAllowedFields('App\\Models\\VueloModel')
 2 SYSTEMPATH\BaseModel.php(763): CodeIgniter\Model->doProtectFieldsForInsert([...])
 3 SYSTEMPATH\Model.php(715): CodeIgniter\BaseModel->insert([...], true)
 4 APPPATH\Models\vuelomodel.php(20): CodeIgniter\Model->insert([...])
 5 APPPATH\Controllers\VuelosController.php(23): App\Models\VueloModel->subirvuelos([...])
 6 SYSTEMPATH\CodeIgniter.php(919): App\Controllers\VuelosController->subirvuelos()
 7 SYSTEMPATH\CodeIgniter.php(494): CodeIgniter\CodeIgniter->runController(Object(App\Controllers\VuelosController))
 8 SYSTEMPATH\CodeIgniter.php(353): CodeIgniter\CodeIgniter->handleRequest(null, Object(Config\Cache), false)
 9 FCPATH\index.php(79): CodeIgniter\CodeIgniter->run()
CRITICAL - 2023-10-30 21:11:43 --> Allowed fields must be specified for model: "App\Models\VueloModel"
in SYSTEMPATH\Model.php on line 736.
 1 SYSTEMPATH\Model.php(736): CodeIgniter\Database\Exceptions\DataException::forInvalidAllowedFields('App\\Models\\VueloModel')
 2 SYSTEMPATH\BaseModel.php(763): CodeIgniter\Model->doProtectFieldsForInsert([...])
 3 SYSTEMPATH\Model.php(715): CodeIgniter\BaseModel->insert([...], true)
 4 APPPATH\Models\vuelomodel.php(19): CodeIgniter\Model->insert([...])
 5 APPPATH\Controllers\VuelosController.php(23): App\Models\VueloModel->subirvuelos([...])
 6 SYSTEMPATH\CodeIgniter.php(919): App\Controllers\VuelosController->subirvuelos()
 7 SYSTEMPATH\CodeIgniter.php(494): CodeIgniter\CodeIgniter->runController(Object(App\Controllers\VuelosController))
 8 SYSTEMPATH\CodeIgniter.php(353): CodeIgniter\CodeIgniter->handleRequest(null, Object(Config\Cache), false)
 9 FCPATH\index.php(79): CodeIgniter\CodeIgniter->run()
CRITICAL - 2023-10-30 21:11:44 --> Allowed fields must be specified for model: "App\Models\VueloModel"
in SYSTEMPATH\Model.php on line 736.
 1 SYSTEMPATH\Model.php(736): CodeIgniter\Database\Exceptions\DataException::forInvalidAllowedFields('App\\Models\\VueloModel')
 2 SYSTEMPATH\BaseModel.php(763): CodeIgniter\Model->doProtectFieldsForInsert([...])
 3 SYSTEMPATH\Model.php(715): CodeIgniter\BaseModel->insert([...], true)
 4 APPPATH\Models\vuelomodel.php(19): CodeIgniter\Model->insert([...])
 5 APPPATH\Controllers\VuelosController.php(23): App\Models\VueloModel->subirvuelos([...])
 6 SYSTEMPATH\CodeIgniter.php(919): App\Controllers\VuelosController->subirvuelos()
 7 SYSTEMPATH\CodeIgniter.php(494): CodeIgniter\CodeIgniter->runController(Object(App\Controllers\VuelosController))
 8 SYSTEMPATH\CodeIgniter.php(353): CodeIgniter\CodeIgniter->handleRequest(null, Object(Config\Cache), false)
 9 FCPATH\index.php(79): CodeIgniter\CodeIgniter->run()
CRITICAL - 2023-10-30 21:11:44 --> Allowed fields must be specified for model: "App\Models\VueloModel"
in SYSTEMPATH\Model.php on line 736.
 1 SYSTEMPATH\Model.php(736): CodeIgniter\Database\Exceptions\DataException::forInvalidAllowedFields('App\\Models\\VueloModel')
 2 SYSTEMPATH\BaseModel.php(763): CodeIgniter\Model->doProtectFieldsForInsert([...])
 3 SYSTEMPATH\Model.php(715): CodeIgniter\BaseModel->insert([...], true)
 4 APPPATH\Models\vuelomodel.php(19): CodeIgniter\Model->insert([...])
 5 APPPATH\Controllers\VuelosController.php(23): App\Models\VueloModel->subirvuelos([...])
 6 SYSTEMPATH\CodeIgniter.php(919): App\Controllers\VuelosController->subirvuelos()
 7 SYSTEMPATH\CodeIgniter.php(494): CodeIgniter\CodeIgniter->runController(Object(App\Controllers\VuelosController))
 8 SYSTEMPATH\CodeIgniter.php(353): CodeIgniter\CodeIgniter->handleRequest(null, Object(Config\Cache), false)
 9 FCPATH\index.php(79): CodeIgniter\CodeIgniter->run()
CRITICAL - 2023-10-30 21:11:45 --> Allowed fields must be specified for model: "App\Models\VueloModel"
in SYSTEMPATH\Model.php on line 736.
 1 SYSTEMPATH\Model.php(736): CodeIgniter\Database\Exceptions\DataException::forInvalidAllowedFields('App\\Models\\VueloModel')
 2 SYSTEMPATH\BaseModel.php(763): CodeIgniter\Model->doProtectFieldsForInsert([...])
 3 SYSTEMPATH\Model.php(715): CodeIgniter\BaseModel->insert([...], true)
 4 APPPATH\Models\vuelomodel.php(19): CodeIgniter\Model->insert([...])
 5 APPPATH\Controllers\VuelosController.php(23): App\Models\VueloModel->subirvuelos([...])
 6 SYSTEMPATH\CodeIgniter.php(919): App\Controllers\VuelosController->subirvuelos()
 7 SYSTEMPATH\CodeIgniter.php(494): CodeIgniter\CodeIgniter->runController(Object(App\Controllers\VuelosController))
 8 SYSTEMPATH\CodeIgniter.php(353): CodeIgniter\CodeIgniter->handleRequest(null, Object(Config\Cache), false)
 9 FCPATH\index.php(79): CodeIgniter\CodeIgniter->run()
CRITICAL - 2023-10-30 21:11:45 --> Allowed fields must be specified for model: "App\Models\VueloModel"
in SYSTEMPATH\Model.php on line 736.
 1 SYSTEMPATH\Model.php(736): CodeIgniter\Database\Exceptions\DataException::forInvalidAllowedFields('App\\Models\\VueloModel')
 2 SYSTEMPATH\BaseModel.php(763): CodeIgniter\Model->doProtectFieldsForInsert([...])
 3 SYSTEMPATH\Model.php(715): CodeIgniter\BaseModel->insert([...], true)
 4 APPPATH\Models\vuelomodel.php(19): CodeIgniter\Model->insert([...])
 5 APPPATH\Controllers\VuelosController.php(23): App\Models\VueloModel->subirvuelos([...])
 6 SYSTEMPATH\CodeIgniter.php(919): App\Controllers\VuelosController->subirvuelos()
 7 SYSTEMPATH\CodeIgniter.php(494): CodeIgniter\CodeIgniter->runController(Object(App\Controllers\VuelosController))
 8 SYSTEMPATH\CodeIgniter.php(353): CodeIgniter\CodeIgniter->handleRequest(null, Object(Config\Cache), false)
 9 FCPATH\index.php(79): CodeIgniter\CodeIgniter->run()
CRITICAL - 2023-10-30 21:11:45 --> Allowed fields must be specified for model: "App\Models\VueloModel"
in SYSTEMPATH\Model.php on line 736.
 1 SYSTEMPATH\Model.php(736): CodeIgniter\Database\Exceptions\DataException::forInvalidAllowedFields('App\\Models\\VueloModel')
 2 SYSTEMPATH\BaseModel.php(763): CodeIgniter\Model->doProtectFieldsForInsert([...])
 3 SYSTEMPATH\Model.php(715): CodeIgniter\BaseModel->insert([...], true)
 4 APPPATH\Models\vuelomodel.php(19): CodeIgniter\Model->insert([...])
 5 APPPATH\Controllers\VuelosController.php(23): App\Models\VueloModel->subirvuelos([...])
 6 SYSTEMPATH\CodeIgniter.php(919): App\Controllers\VuelosController->subirvuelos()
 7 SYSTEMPATH\CodeIgniter.php(494): CodeIgniter\CodeIgniter->runController(Object(App\Controllers\VuelosController))
 8 SYSTEMPATH\CodeIgniter.php(353): CodeIgniter\CodeIgniter->handleRequest(null, Object(Config\Cache), false)
 9 FCPATH\index.php(79): CodeIgniter\CodeIgniter->run()
CRITICAL - 2023-10-30 21:11:45 --> Allowed fields must be specified for model: "App\Models\VueloModel"
in SYSTEMPATH\Model.php on line 736.
 1 SYSTEMPATH\Model.php(736): CodeIgniter\Database\Exceptions\DataException::forInvalidAllowedFields('App\\Models\\VueloModel')
 2 SYSTEMPATH\BaseModel.php(763): CodeIgniter\Model->doProtectFieldsForInsert([...])
 3 SYSTEMPATH\Model.php(715): CodeIgniter\BaseModel->insert([...], true)
 4 APPPATH\Models\vuelomodel.php(19): CodeIgniter\Model->insert([...])
 5 APPPATH\Controllers\VuelosController.php(23): App\Models\VueloModel->subirvuelos([...])
 6 SYSTEMPATH\CodeIgniter.php(919): App\Controllers\VuelosController->subirvuelos()
 7 SYSTEMPATH\CodeIgniter.php(494): CodeIgniter\CodeIgniter->runController(Object(App\Controllers\VuelosController))
 8 SYSTEMPATH\CodeIgniter.php(353): CodeIgniter\CodeIgniter->handleRequest(null, Object(Config\Cache), false)
 9 FCPATH\index.php(79): CodeIgniter\CodeIgniter->run()
CRITICAL - 2023-10-30 21:11:46 --> Allowed fields must be specified for model: "App\Models\VueloModel"
in SYSTEMPATH\Model.php on line 736.
 1 SYSTEMPATH\Model.php(736): CodeIgniter\Database\Exceptions\DataException::forInvalidAllowedFields('App\\Models\\VueloModel')
 2 SYSTEMPATH\BaseModel.php(763): CodeIgniter\Model->doProtectFieldsForInsert([...])
 3 SYSTEMPATH\Model.php(715): CodeIgniter\BaseModel->insert([...], true)
 4 APPPATH\Models\vuelomodel.php(19): CodeIgniter\Model->insert([...])
 5 APPPATH\Controllers\VuelosController.php(23): App\Models\VueloModel->subirvuelos([...])
 6 SYSTEMPATH\CodeIgniter.php(919): App\Controllers\VuelosController->subirvuelos()
 7 SYSTEMPATH\CodeIgniter.php(494): CodeIgniter\CodeIgniter->runController(Object(App\Controllers\VuelosController))
 8 SYSTEMPATH\CodeIgniter.php(353): CodeIgniter\CodeIgniter->handleRequest(null, Object(Config\Cache), false)
 9 FCPATH\index.php(79): CodeIgniter\CodeIgniter->run()
CRITICAL - 2023-10-30 21:11:46 --> Allowed fields must be specified for model: "App\Models\VueloModel"
in SYSTEMPATH\Model.php on line 736.
 1 SYSTEMPATH\Model.php(736): CodeIgniter\Database\Exceptions\DataException::forInvalidAllowedFields('App\\Models\\VueloModel')
 2 SYSTEMPATH\BaseModel.php(763): CodeIgniter\Model->doProtectFieldsForInsert([...])
 3 SYSTEMPATH\Model.php(715): CodeIgniter\BaseModel->insert([...], true)
 4 APPPATH\Models\vuelomodel.php(19): CodeIgniter\Model->insert([...])
 5 APPPATH\Controllers\VuelosController.php(23): App\Models\VueloModel->subirvuelos([...])
 6 SYSTEMPATH\CodeIgniter.php(919): App\Controllers\VuelosController->subirvuelos()
 7 SYSTEMPATH\CodeIgniter.php(494): CodeIgniter\CodeIgniter->runController(Object(App\Controllers\VuelosController))
 8 SYSTEMPATH\CodeIgniter.php(353): CodeIgniter\CodeIgniter->handleRequest(null, Object(Config\Cache), false)
 9 FCPATH\index.php(79): CodeIgniter\CodeIgniter->run()
CRITICAL - 2023-10-30 21:11:46 --> Allowed fields must be specified for model: "App\Models\VueloModel"
in SYSTEMPATH\Model.php on line 736.
 1 SYSTEMPATH\Model.php(736): CodeIgniter\Database\Exceptions\DataException::forInvalidAllowedFields('App\\Models\\VueloModel')
 2 SYSTEMPATH\BaseModel.php(763): CodeIgniter\Model->doProtectFieldsForInsert([...])
 3 SYSTEMPATH\Model.php(715): CodeIgniter\BaseModel->insert([...], true)
 4 APPPATH\Models\vuelomodel.php(19): CodeIgniter\Model->insert([...])
 5 APPPATH\Controllers\VuelosController.php(23): App\Models\VueloModel->subirvuelos([...])
 6 SYSTEMPATH\CodeIgniter.php(919): App\Controllers\VuelosController->subirvuelos()
 7 SYSTEMPATH\CodeIgniter.php(494): CodeIgniter\CodeIgniter->runController(Object(App\Controllers\VuelosController))
 8 SYSTEMPATH\CodeIgniter.php(353): CodeIgniter\CodeIgniter->handleRequest(null, Object(Config\Cache), false)
 9 FCPATH\index.php(79): CodeIgniter\CodeIgniter->run()
ERROR - 2023-10-30 21:55:07 --> mysqli_sql_exception: Column 'Destino' cannot be null in C:\xampp1\htdocs\aereoz\vendor\codeigniter4\framework\system\Database\MySQLi\Connection.php:306
Stack trace:
#0 C:\xampp1\htdocs\aereoz\vendor\codeigniter4\framework\system\Database\MySQLi\Connection.php(306): mysqli->query('INSERT INTO `vu...', 0)
#1 C:\xampp1\htdocs\aereoz\vendor\codeigniter4\framework\system\Database\BaseConnection.php(692): CodeIgniter\Database\MySQLi\Connection->execute('INSERT INTO `vu...')
#2 C:\xampp1\htdocs\aereoz\vendor\codeigniter4\framework\system\Database\BaseConnection.php(606): CodeIgniter\Database\BaseConnection->simpleQuery('INSERT INTO `vu...')
#3 C:\xampp1\htdocs\aereoz\vendor\codeigniter4\framework\system\Database\BaseBuilder.php(2308): CodeIgniter\Database\BaseConnection->query('INSERT INTO `vu...', Array, false)
#4 C:\xampp1\htdocs\aereoz\vendor\codeigniter4\framework\system\Model.php(319): CodeIgniter\Database\BaseBuilder->insert()
#5 C:\xampp1\htdocs\aereoz\vendor\codeigniter4\framework\system\BaseModel.php(788): CodeIgniter\Model->doInsert(Array)
#6 C:\xampp1\htdocs\aereoz\vendor\codeigniter4\framework\system\Model.php(715): CodeIgniter\BaseModel->insert(Array, true)
#7 C:\xampp1\htdocs\aereoz\app\Models\vuelomodel.php(19): CodeIgniter\Model->insert(Array)
#8 C:\xampp1\htdocs\aereoz\app\Controllers\VuelosController.php(23): App\Models\VueloModel->subirvuelos(Array)
#9 C:\xampp1\htdocs\aereoz\vendor\codeigniter4\framework\system\CodeIgniter.php(919): App\Controllers\VuelosController->subirvuelos()
#10 C:\xampp1\htdocs\aereoz\vendor\codeigniter4\framework\system\CodeIgniter.php(494): CodeIgniter\CodeIgniter->runController(Object(App\Controllers\VuelosController))
#11 C:\xampp1\htdocs\aereoz\vendor\codeigniter4\framework\system\CodeIgniter.php(353): CodeIgniter\CodeIgniter->handleRequest(NULL, Object(Config\Cache), false)
#12 C:\xampp1\htdocs\aereoz\public\index.php(79): CodeIgniter\CodeIgniter->run()
#13 {main}
CRITICAL - 2023-10-30 21:55:07 --> Column 'Destino' cannot be null
in SYSTEMPATH\Database\BaseConnection.php on line 646.
 1 SYSTEMPATH\Database\BaseBuilder.php(2308): CodeIgniter\Database\BaseConnection->query('INSERT INTO `vuelos` (`Destino`, `Precio`) VALUES (:Destino:, :Precio:)', [...], false)
 2 SYSTEMPATH\Model.php(319): CodeIgniter\Database\BaseBuilder->insert()
 3 SYSTEMPATH\BaseModel.php(788): CodeIgniter\Model->doInsert([...])
 4 SYSTEMPATH\Model.php(715): CodeIgniter\BaseModel->insert([...], true)
 5 APPPATH\Models\vuelomodel.php(19): CodeIgniter\Model->insert([...])
 6 APPPATH\Controllers\VuelosController.php(23): App\Models\VueloModel->subirvuelos([...])
 7 SYSTEMPATH\CodeIgniter.php(919): App\Controllers\VuelosController->subirvuelos()
 8 SYSTEMPATH\CodeIgniter.php(494): CodeIgniter\CodeIgniter->runController(Object(App\Controllers\VuelosController))
 9 SYSTEMPATH\CodeIgniter.php(353): CodeIgniter\CodeIgniter->handleRequest(null, Object(Config\Cache), false)
10 FCPATH\index.php(79): CodeIgniter\CodeIgniter->run()
ERROR - 2023-10-30 21:56:14 --> mysqli_sql_exception: Column 'Destino' cannot be null in C:\xampp1\htdocs\aereoz\vendor\codeigniter4\framework\system\Database\MySQLi\Connection.php:306
Stack trace:
#0 C:\xampp1\htdocs\aereoz\vendor\codeigniter4\framework\system\Database\MySQLi\Connection.php(306): mysqli->query('INSERT INTO `vu...', 0)
#1 C:\xampp1\htdocs\aereoz\vendor\codeigniter4\framework\system\Database\BaseConnection.php(692): CodeIgniter\Database\MySQLi\Connection->execute('INSERT INTO `vu...')
#2 C:\xampp1\htdocs\aereoz\vendor\codeigniter4\framework\system\Database\BaseConnection.php(606): CodeIgniter\Database\BaseConnection->simpleQuery('INSERT INTO `vu...')
#3 C:\xampp1\htdocs\aereoz\vendor\codeigniter4\framework\system\Database\BaseBuilder.php(2308): CodeIgniter\Database\BaseConnection->query('INSERT INTO `vu...', Array, false)
#4 C:\xampp1\htdocs\aereoz\vendor\codeigniter4\framework\system\Model.php(319): CodeIgniter\Database\BaseBuilder->insert()
#5 C:\xampp1\htdocs\aereoz\vendor\codeigniter4\framework\system\BaseModel.php(788): CodeIgniter\Model->doInsert(Array)
#6 C:\xampp1\htdocs\aereoz\vendor\codeigniter4\framework\system\Model.php(715): CodeIgniter\BaseModel->insert(Array, true)
#7 C:\xampp1\htdocs\aereoz\app\Models\vuelomodel.php(19): CodeIgniter\Model->insert(Array)
#8 C:\xampp1\htdocs\aereoz\app\Controllers\VuelosController.php(23): App\Models\VueloModel->subirvuelos(Array)
#9 C:\xampp1\htdocs\aereoz\vendor\codeigniter4\framework\system\CodeIgniter.php(919): App\Controllers\VuelosController->subirvuelos()
#10 C:\xampp1\htdocs\aereoz\vendor\codeigniter4\framework\system\CodeIgniter.php(494): CodeIgniter\CodeIgniter->runController(Object(App\Controllers\VuelosController))
#11 C:\xampp1\htdocs\aereoz\vendor\codeigniter4\framework\system\CodeIgniter.php(353): CodeIgniter\CodeIgniter->handleRequest(NULL, Object(Config\Cache), false)
#12 C:\xampp1\htdocs\aereoz\public\index.php(79): CodeIgniter\CodeIgniter->run()
#13 {main}
CRITICAL - 2023-10-30 21:56:14 --> Column 'Destino' cannot be null
in SYSTEMPATH\Database\BaseConnection.php on line 646.
 1 SYSTEMPATH\Database\BaseBuilder.php(2308): CodeIgniter\Database\BaseConnection->query('INSERT INTO `vuelos` (`Destino`, `Precio`) VALUES (:Destino:, :Precio:)', [...], false)
 2 SYSTEMPATH\Model.php(319): CodeIgniter\Database\BaseBuilder->insert()
 3 SYSTEMPATH\BaseModel.php(788): CodeIgniter\Model->doInsert([...])
 4 SYSTEMPATH\Model.php(715): CodeIgniter\BaseModel->insert([...], true)
 5 APPPATH\Models\vuelomodel.php(19): CodeIgniter\Model->insert([...])
 6 APPPATH\Controllers\VuelosController.php(23): App\Models\VueloModel->subirvuelos([...])
 7 SYSTEMPATH\CodeIgniter.php(919): App\Controllers\VuelosController->subirvuelos()
 8 SYSTEMPATH\CodeIgniter.php(494): CodeIgniter\CodeIgniter->runController(Object(App\Controllers\VuelosController))
 9 SYSTEMPATH\CodeIgniter.php(353): CodeIgniter\CodeIgniter->handleRequest(null, Object(Config\Cache), false)
10 FCPATH\index.php(79): CodeIgniter\CodeIgniter->run()
ERROR - 2023-10-30 21:56:15 --> mysqli_sql_exception: Column 'Destino' cannot be null in C:\xampp1\htdocs\aereoz\vendor\codeigniter4\framework\system\Database\MySQLi\Connection.php:306
Stack trace:
#0 C:\xampp1\htdocs\aereoz\vendor\codeigniter4\framework\system\Database\MySQLi\Connection.php(306): mysqli->query('INSERT INTO `vu...', 0)
#1 C:\xampp1\htdocs\aereoz\vendor\codeigniter4\framework\system\Database\BaseConnection.php(692): CodeIgniter\Database\MySQLi\Connection->execute('INSERT INTO `vu...')
#2 C:\xampp1\htdocs\aereoz\vendor\codeigniter4\framework\system\Database\BaseConnection.php(606): CodeIgniter\Database\BaseConnection->simpleQuery('INSERT INTO `vu...')
#3 C:\xampp1\htdocs\aereoz\vendor\codeigniter4\framework\system\Database\BaseBuilder.php(2308): CodeIgniter\Database\BaseConnection->query('INSERT INTO `vu...', Array, false)
#4 C:\xampp1\htdocs\aereoz\vendor\codeigniter4\framework\system\Model.php(319): CodeIgniter\Database\BaseBuilder->insert()
#5 C:\xampp1\htdocs\aereoz\vendor\codeigniter4\framework\system\BaseModel.php(788): CodeIgniter\Model->doInsert(Array)
#6 C:\xampp1\htdocs\aereoz\vendor\codeigniter4\framework\system\Model.php(715): CodeIgniter\BaseModel->insert(Array, true)
#7 C:\xampp1\htdocs\aereoz\app\Models\vuelomodel.php(19): CodeIgniter\Model->insert(Array)
#8 C:\xampp1\htdocs\aereoz\app\Controllers\VuelosController.php(23): App\Models\VueloModel->subirvuelos(Array)
#9 C:\xampp1\htdocs\aereoz\vendor\codeigniter4\framework\system\CodeIgniter.php(919): App\Controllers\VuelosController->subirvuelos()
#10 C:\xampp1\htdocs\aereoz\vendor\codeigniter4\framework\system\CodeIgniter.php(494): CodeIgniter\CodeIgniter->runController(Object(App\Controllers\VuelosController))
#11 C:\xampp1\htdocs\aereoz\vendor\codeigniter4\framework\system\CodeIgniter.php(353): CodeIgniter\CodeIgniter->handleRequest(NULL, Object(Config\Cache), false)
#12 C:\xampp1\htdocs\aereoz\public\index.php(79): CodeIgniter\CodeIgniter->run()
#13 {main}
CRITICAL - 2023-10-30 21:56:15 --> Column 'Destino' cannot be null
in SYSTEMPATH\Database\BaseConnection.php on line 646.
 1 SYSTEMPATH\Database\BaseBuilder.php(2308): CodeIgniter\Database\BaseConnection->query('INSERT INTO `vuelos` (`Destino`, `Precio`) VALUES (:Destino:, :Precio:)', [...], false)
 2 SYSTEMPATH\Model.php(319): CodeIgniter\Database\BaseBuilder->insert()
 3 SYSTEMPATH\BaseModel.php(788): CodeIgniter\Model->doInsert([...])
 4 SYSTEMPATH\Model.php(715): CodeIgniter\BaseModel->insert([...], true)
 5 APPPATH\Models\vuelomodel.php(19): CodeIgniter\Model->insert([...])
 6 APPPATH\Controllers\VuelosController.php(23): App\Models\VueloModel->subirvuelos([...])
 7 SYSTEMPATH\CodeIgniter.php(919): App\Controllers\VuelosController->subirvuelos()
 8 SYSTEMPATH\CodeIgniter.php(494): CodeIgniter\CodeIgniter->runController(Object(App\Controllers\VuelosController))
 9 SYSTEMPATH\CodeIgniter.php(353): CodeIgniter\CodeIgniter->handleRequest(null, Object(Config\Cache), false)
10 FCPATH\index.php(79): CodeIgniter\CodeIgniter->run()
ERROR - 2023-10-30 21:56:15 --> mysqli_sql_exception: Column 'Destino' cannot be null in C:\xampp1\htdocs\aereoz\vendor\codeigniter4\framework\system\Database\MySQLi\Connection.php:306
Stack trace:
#0 C:\xampp1\htdocs\aereoz\vendor\codeigniter4\framework\system\Database\MySQLi\Connection.php(306): mysqli->query('INSERT INTO `vu...', 0)
#1 C:\xampp1\htdocs\aereoz\vendor\codeigniter4\framework\system\Database\BaseConnection.php(692): CodeIgniter\Database\MySQLi\Connection->execute('INSERT INTO `vu...')
#2 C:\xampp1\htdocs\aereoz\vendor\codeigniter4\framework\system\Database\BaseConnection.php(606): CodeIgniter\Database\BaseConnection->simpleQuery('INSERT INTO `vu...')
#3 C:\xampp1\htdocs\aereoz\vendor\codeigniter4\framework\system\Database\BaseBuilder.php(2308): CodeIgniter\Database\BaseConnection->query('INSERT INTO `vu...', Array, false)
#4 C:\xampp1\htdocs\aereoz\vendor\codeigniter4\framework\system\Model.php(319): CodeIgniter\Database\BaseBuilder->insert()
#5 C:\xampp1\htdocs\aereoz\vendor\codeigniter4\framework\system\BaseModel.php(788): CodeIgniter\Model->doInsert(Array)
#6 C:\xampp1\htdocs\aereoz\vendor\codeigniter4\framework\system\Model.php(715): CodeIgniter\BaseModel->insert(Array, true)
#7 C:\xampp1\htdocs\aereoz\app\Models\vuelomodel.php(19): CodeIgniter\Model->insert(Array)
#8 C:\xampp1\htdocs\aereoz\app\Controllers\VuelosController.php(23): App\Models\VueloModel->subirvuelos(Array)
#9 C:\xampp1\htdocs\aereoz\vendor\codeigniter4\framework\system\CodeIgniter.php(919): App\Controllers\VuelosController->subirvuelos()
#10 C:\xampp1\htdocs\aereoz\vendor\codeigniter4\framework\system\CodeIgniter.php(494): CodeIgniter\CodeIgniter->runController(Object(App\Controllers\VuelosController))
#11 C:\xampp1\htdocs\aereoz\vendor\codeigniter4\framework\system\CodeIgniter.php(353): CodeIgniter\CodeIgniter->handleRequest(NULL, Object(Config\Cache), false)
#12 C:\xampp1\htdocs\aereoz\public\index.php(79): CodeIgniter\CodeIgniter->run()
#13 {main}
CRITICAL - 2023-10-30 21:56:15 --> Column 'Destino' cannot be null
in SYSTEMPATH\Database\BaseConnection.php on line 646.
 1 SYSTEMPATH\Database\BaseBuilder.php(2308): CodeIgniter\Database\BaseConnection->query('INSERT INTO `vuelos` (`Destino`, `Precio`) VALUES (:Destino:, :Precio:)', [...], false)
 2 SYSTEMPATH\Model.php(319): CodeIgniter\Database\BaseBuilder->insert()
 3 SYSTEMPATH\BaseModel.php(788): CodeIgniter\Model->doInsert([...])
 4 SYSTEMPATH\Model.php(715): CodeIgniter\BaseModel->insert([...], true)
 5 APPPATH\Models\vuelomodel.php(19): CodeIgniter\Model->insert([...])
 6 APPPATH\Controllers\VuelosController.php(23): App\Models\VueloModel->subirvuelos([...])
 7 SYSTEMPATH\CodeIgniter.php(919): App\Controllers\VuelosController->subirvuelos()
 8 SYSTEMPATH\CodeIgniter.php(494): CodeIgniter\CodeIgniter->runController(Object(App\Controllers\VuelosController))
 9 SYSTEMPATH\CodeIgniter.php(353): CodeIgniter\CodeIgniter->handleRequest(null, Object(Config\Cache), false)
10 FCPATH\index.php(79): CodeIgniter\CodeIgniter->run()
ERROR - 2023-10-30 21:56:15 --> mysqli_sql_exception: Column 'Destino' cannot be null in C:\xampp1\htdocs\aereoz\vendor\codeigniter4\framework\system\Database\MySQLi\Connection.php:306
Stack trace:
#0 C:\xampp1\htdocs\aereoz\vendor\codeigniter4\framework\system\Database\MySQLi\Connection.php(306): mysqli->query('INSERT INTO `vu...', 0)
#1 C:\xampp1\htdocs\aereoz\vendor\codeigniter4\framework\system\Database\BaseConnection.php(692): CodeIgniter\Database\MySQLi\Connection->execute('INSERT INTO `vu...')
#2 C:\xampp1\htdocs\aereoz\vendor\codeigniter4\framework\system\Database\BaseConnection.php(606): CodeIgniter\Database\BaseConnection->simpleQuery('INSERT INTO `vu...')
#3 C:\xampp1\htdocs\aereoz\vendor\codeigniter4\framework\system\Database\BaseBuilder.php(2308): CodeIgniter\Database\BaseConnection->query('INSERT INTO `vu...', Array, false)
#4 C:\xampp1\htdocs\aereoz\vendor\codeigniter4\framework\system\Model.php(319): CodeIgniter\Database\BaseBuilder->insert()
#5 C:\xampp1\htdocs\aereoz\vendor\codeigniter4\framework\system\BaseModel.php(788): CodeIgniter\Model->doInsert(Array)
#6 C:\xampp1\htdocs\aereoz\vendor\codeigniter4\framework\system\Model.php(715): CodeIgniter\BaseModel->insert(Array, true)
#7 C:\xampp1\htdocs\aereoz\app\Models\vuelomodel.php(19): CodeIgniter\Model->insert(Array)
#8 C:\xampp1\htdocs\aereoz\app\Controllers\VuelosController.php(23): App\Models\VueloModel->subirvuelos(Array)
#9 C:\xampp1\htdocs\aereoz\vendor\codeigniter4\framework\system\CodeIgniter.php(919): App\Controllers\VuelosController->subirvuelos()
#10 C:\xampp1\htdocs\aereoz\vendor\codeigniter4\framework\system\CodeIgniter.php(494): CodeIgniter\CodeIgniter->runController(Object(App\Controllers\VuelosController))
#11 C:\xampp1\htdocs\aereoz\vendor\codeigniter4\framework\system\CodeIgniter.php(353): CodeIgniter\CodeIgniter->handleRequest(NULL, Object(Config\Cache), false)
#12 C:\xampp1\htdocs\aereoz\public\index.php(79): CodeIgniter\CodeIgniter->run()
#13 {main}
CRITICAL - 2023-10-30 21:56:15 --> Column 'Destino' cannot be null
in SYSTEMPATH\Database\BaseConnection.php on line 646.
 1 SYSTEMPATH\Database\BaseBuilder.php(2308): CodeIgniter\Database\BaseConnection->query('INSERT INTO `vuelos` (`Destino`, `Precio`) VALUES (:Destino:, :Precio:)', [...], false)
 2 SYSTEMPATH\Model.php(319): CodeIgniter\Database\BaseBuilder->insert()
 3 SYSTEMPATH\BaseModel.php(788): CodeIgniter\Model->doInsert([...])
 4 SYSTEMPATH\Model.php(715): CodeIgniter\BaseModel->insert([...], true)
 5 APPPATH\Models\vuelomodel.php(19): CodeIgniter\Model->insert([...])
 6 APPPATH\Controllers\VuelosController.php(23): App\Models\VueloModel->subirvuelos([...])
 7 SYSTEMPATH\CodeIgniter.php(919): App\Controllers\VuelosController->subirvuelos()
 8 SYSTEMPATH\CodeIgniter.php(494): CodeIgniter\CodeIgniter->runController(Object(App\Controllers\VuelosController))
 9 SYSTEMPATH\CodeIgniter.php(353): CodeIgniter\CodeIgniter->handleRequest(null, Object(Config\Cache), false)
10 FCPATH\index.php(79): CodeIgniter\CodeIgniter->run()
