INFO - 2023-11-17 21:51:32 --> Session: Class initialized using 'CodeIgniter\Session\Handlers\FileHandler' driver.
CRITICAL - 2023-11-17 21:51:58 --> Object of class CodeIgniter\Database\MySQLi\Result could not be converted to string
in APPPATH\Views\metodos_pago.php on line 23.
 1 SYSTEMPATH\View\View.php(226): include()
 2 SYSTEMPATH\View\View.php(229): CodeIgniter\View\View->CodeIgniter\View\{closure}()
 3 SYSTEMPATH\Common.php(1188): CodeIgniter\View\View->render('metodos_pago', [], true)
 4 APPPATH\Controllers\Reserva.php(35): view('metodos_pago', [...])
 5 SYSTEMPATH\CodeIgniter.php(919): App\Controllers\Reserva->datossubidos()
 6 SYSTEMPATH\CodeIgniter.php(494): CodeIgniter\CodeIgniter->runController(Object(App\Controllers\Reserva))
 7 SYSTEMPATH\CodeIgniter.php(353): CodeIgniter\CodeIgniter->handleRequest(null, Object(Config\Cache), false)
 8 FCPATH\index.php(79): CodeIgniter\CodeIgniter->run()
CRITICAL - 2023-11-17 22:01:38 --> Attempt to read property "precio" on array
in APPPATH\Views\metodos_pago.php on line 23.
 1 APPPATH\Views\metodos_pago.php(23): CodeIgniter\Debug\Exceptions->errorHandler(2, 'Attempt to read property "precio" on array', 'C:\\xampp1\\htdocs\\aereoz\\app\\Views\\metodos_pago.php', 23)
 2 SYSTEMPATH\View\View.php(226): include('C:\\xampp1\\htdocs\\aereoz\\app\\Views\\metodos_pago.php')
 3 SYSTEMPATH\View\View.php(229): CodeIgniter\View\View->CodeIgniter\View\{closure}()
 4 SYSTEMPATH\Common.php(1188): CodeIgniter\View\View->render('metodos_pago', [], true)
 5 APPPATH\Controllers\Reserva.php(35): view('metodos_pago', [...])
 6 SYSTEMPATH\CodeIgniter.php(919): App\Controllers\Reserva->datossubidos()
 7 SYSTEMPATH\CodeIgniter.php(494): CodeIgniter\CodeIgniter->runController(Object(App\Controllers\Reserva))
 8 SYSTEMPATH\CodeIgniter.php(353): CodeIgniter\CodeIgniter->handleRequest(null, Object(Config\Cache), false)
 9 FCPATH\index.php(79): CodeIgniter\CodeIgniter->run()
CRITICAL - 2023-11-17 22:02:07 --> Undefined array key "precio"
in APPPATH\Views\metodos_pago.php on line 23.
 1 APPPATH\Views\metodos_pago.php(23): CodeIgniter\Debug\Exceptions->errorHandler(2, 'Undefined array key "precio"', 'C:\\xampp1\\htdocs\\aereoz\\app\\Views\\metodos_pago.php', 23)
 2 SYSTEMPATH\View\View.php(226): include('C:\\xampp1\\htdocs\\aereoz\\app\\Views\\metodos_pago.php')
 3 SYSTEMPATH\View\View.php(229): CodeIgniter\View\View->CodeIgniter\View\{closure}()
 4 SYSTEMPATH\Common.php(1188): CodeIgniter\View\View->render('metodos_pago', [], true)
 5 APPPATH\Controllers\Reserva.php(35): view('metodos_pago', [...])
 6 SYSTEMPATH\CodeIgniter.php(919): App\Controllers\Reserva->datossubidos()
 7 SYSTEMPATH\CodeIgniter.php(494): CodeIgniter\CodeIgniter->runController(Object(App\Controllers\Reserva))
 8 SYSTEMPATH\CodeIgniter.php(353): CodeIgniter\CodeIgniter->handleRequest(null, Object(Config\Cache), false)
 9 FCPATH\index.php(79): CodeIgniter\CodeIgniter->run()
CRITICAL - 2023-11-17 22:03:20 --> Undefined variable $total
in APPPATH\Views\metodos_pago.php on line 23.
 1 APPPATH\Views\metodos_pago.php(23): CodeIgniter\Debug\Exceptions->errorHandler(2, 'Undefined variable $total', 'C:\\xampp1\\htdocs\\aereoz\\app\\Views\\metodos_pago.php', 23)
 2 SYSTEMPATH\View\View.php(226): include('C:\\xampp1\\htdocs\\aereoz\\app\\Views\\metodos_pago.php')
 3 SYSTEMPATH\View\View.php(229): CodeIgniter\View\View->CodeIgniter\View\{closure}()
 4 SYSTEMPATH\Common.php(1188): CodeIgniter\View\View->render('metodos_pago', [], true)
 5 APPPATH\Controllers\Reserva.php(36): view('metodos_pago', [...])
 6 SYSTEMPATH\CodeIgniter.php(919): App\Controllers\Reserva->datossubidos()
 7 SYSTEMPATH\CodeIgniter.php(494): CodeIgniter\CodeIgniter->runController(Object(App\Controllers\Reserva))
 8 SYSTEMPATH\CodeIgniter.php(353): CodeIgniter\CodeIgniter->handleRequest(null, Object(Config\Cache), false)
 9 FCPATH\index.php(79): CodeIgniter\CodeIgniter->run()
CRITICAL - 2023-11-17 22:03:37 --> Undefined array key "precio"
in APPPATH\Views\metodos_pago.php on line 23.
 1 APPPATH\Views\metodos_pago.php(23): CodeIgniter\Debug\Exceptions->errorHandler(2, 'Undefined array key "precio"', 'C:\\xampp1\\htdocs\\aereoz\\app\\Views\\metodos_pago.php', 23)
 2 SYSTEMPATH\View\View.php(226): include('C:\\xampp1\\htdocs\\aereoz\\app\\Views\\metodos_pago.php')
 3 SYSTEMPATH\View\View.php(229): CodeIgniter\View\View->CodeIgniter\View\{closure}()
 4 SYSTEMPATH\Common.php(1188): CodeIgniter\View\View->render('metodos_pago', [], true)
 5 APPPATH\Controllers\Reserva.php(36): view('metodos_pago', [...])
 6 SYSTEMPATH\CodeIgniter.php(919): App\Controllers\Reserva->datossubidos()
 7 SYSTEMPATH\CodeIgniter.php(494): CodeIgniter\CodeIgniter->runController(Object(App\Controllers\Reserva))
 8 SYSTEMPATH\CodeIgniter.php(353): CodeIgniter\CodeIgniter->handleRequest(null, Object(Config\Cache), false)
 9 FCPATH\index.php(79): CodeIgniter\CodeIgniter->run()
CRITICAL - 2023-11-17 22:04:14 --> Attempt to read property "precio" on array
in APPPATH\Views\metodos_pago.php on line 23.
 1 APPPATH\Views\metodos_pago.php(23): CodeIgniter\Debug\Exceptions->errorHandler(2, 'Attempt to read property "precio" on array', 'C:\\xampp1\\htdocs\\aereoz\\app\\Views\\metodos_pago.php', 23)
 2 SYSTEMPATH\View\View.php(226): include('C:\\xampp1\\htdocs\\aereoz\\app\\Views\\metodos_pago.php')
 3 SYSTEMPATH\View\View.php(229): CodeIgniter\View\View->CodeIgniter\View\{closure}()
 4 SYSTEMPATH\Common.php(1188): CodeIgniter\View\View->render('metodos_pago', [], true)
 5 APPPATH\Controllers\Reserva.php(36): view('metodos_pago', [...])
 6 SYSTEMPATH\CodeIgniter.php(919): App\Controllers\Reserva->datossubidos()
 7 SYSTEMPATH\CodeIgniter.php(494): CodeIgniter\CodeIgniter->runController(Object(App\Controllers\Reserva))
 8 SYSTEMPATH\CodeIgniter.php(353): CodeIgniter\CodeIgniter->handleRequest(null, Object(Config\Cache), false)
 9 FCPATH\index.php(79): CodeIgniter\CodeIgniter->run()
INFO - 2023-11-17 22:10:48 --> Session: Class initialized using 'CodeIgniter\Session\Handlers\FileHandler' driver.
INFO - 2023-11-17 22:13:48 --> Session: Class initialized using 'CodeIgniter\Session\Handlers\FileHandler' driver.
INFO - 2023-11-17 22:14:21 --> Session: Class initialized using 'CodeIgniter\Session\Handlers\FileHandler' driver.
INFO - 2023-11-17 22:16:07 --> Session: Class initialized using 'CodeIgniter\Session\Handlers\FileHandler' driver.
INFO - 2023-11-17 22:16:07 --> Session: Class initialized using 'CodeIgniter\Session\Handlers\FileHandler' driver.
INFO - 2023-11-17 22:16:25 --> Session: Class initialized using 'CodeIgniter\Session\Handlers\FileHandler' driver.
INFO - 2023-11-17 22:16:33 --> Session: Class initialized using 'CodeIgniter\Session\Handlers\FileHandler' driver.
INFO - 2023-11-17 22:16:34 --> Session: Class initialized using 'CodeIgniter\Session\Handlers\FileHandler' driver.
INFO - 2023-11-17 22:16:47 --> Session: Class initialized using 'CodeIgniter\Session\Handlers\FileHandler' driver.
INFO - 2023-11-17 22:16:59 --> Session: Class initialized using 'CodeIgniter\Session\Handlers\FileHandler' driver.
INFO - 2023-11-17 22:28:53 --> Session: Class initialized using 'CodeIgniter\Session\Handlers\FileHandler' driver.
INFO - 2023-11-17 22:36:54 --> Session: Class initialized using 'CodeIgniter\Session\Handlers\FileHandler' driver.
INFO - 2023-11-17 22:37:00 --> Session: Class initialized using 'CodeIgniter\Session\Handlers\FileHandler' driver.
INFO - 2023-11-17 22:55:49 --> Session: Class initialized using 'CodeIgniter\Session\Handlers\FileHandler' driver.
INFO - 2023-11-17 22:56:37 --> Session: Class initialized using 'CodeIgniter\Session\Handlers\FileHandler' driver.
INFO - 2023-11-17 22:56:40 --> Session: Class initialized using 'CodeIgniter\Session\Handlers\FileHandler' driver.
INFO - 2023-11-17 22:59:01 --> Session: Class initialized using 'CodeIgniter\Session\Handlers\FileHandler' driver.
INFO - 2023-11-17 23:00:38 --> Session: Class initialized using 'CodeIgniter\Session\Handlers\FileHandler' driver.
INFO - 2023-11-17 23:00:38 --> Session: Class initialized using 'CodeIgniter\Session\Handlers\FileHandler' driver.
INFO - 2023-11-17 23:00:42 --> Session: Class initialized using 'CodeIgniter\Session\Handlers\FileHandler' driver.
INFO - 2023-11-17 23:00:42 --> Session: Class initialized using 'CodeIgniter\Session\Handlers\FileHandler' driver.
INFO - 2023-11-17 23:01:05 --> Session: Class initialized using 'CodeIgniter\Session\Handlers\FileHandler' driver.
INFO - 2023-11-17 23:10:17 --> Session: Class initialized using 'CodeIgniter\Session\Handlers\FileHandler' driver.
INFO - 2023-11-17 23:10:17 --> Session: Class initialized using 'CodeIgniter\Session\Handlers\FileHandler' driver.
INFO - 2023-11-17 23:10:24 --> Session: Class initialized using 'CodeIgniter\Session\Handlers\FileHandler' driver.
INFO - 2023-11-17 23:10:31 --> Session: Class initialized using 'CodeIgniter\Session\Handlers\FileHandler' driver.
INFO - 2023-11-17 23:10:32 --> Session: Class initialized using 'CodeIgniter\Session\Handlers\FileHandler' driver.
INFO - 2023-11-17 23:10:33 --> Session: Class initialized using 'CodeIgniter\Session\Handlers\FileHandler' driver.
INFO - 2023-11-17 23:10:38 --> Session: Class initialized using 'CodeIgniter\Session\Handlers\FileHandler' driver.
INFO - 2023-11-17 23:10:38 --> Session: Class initialized using 'CodeIgniter\Session\Handlers\FileHandler' driver.
