INFO - 2023-11-10 21:48:41 --> Session: Class initialized using 'CodeIgniter\Session\Handlers\FileHandler' driver.
INFO - 2023-11-10 21:48:51 --> Session: Class initialized using 'CodeIgniter\Session\Handlers\FileHandler' driver.
INFO - 2023-11-10 21:48:58 --> Session: Class initialized using 'CodeIgniter\Session\Handlers\FileHandler' driver.
CRITICAL - 2023-11-10 22:01:06 --> Class "App\Controllers\Controller" not found
in APPPATH\Controllers\Reserva.php on line 5.
 1 SYSTEMPATH\Autoloader\Autoloader.php(306): include_once()
 2 SYSTEMPATH\Autoloader\Autoloader.php(285): CodeIgniter\Autoloader\Autoloader->includeFile('C:\\xampp1\\htdocs\\aereoz\\app\\Controllers\\Reserva.php')
 3 SYSTEMPATH\Autoloader\Autoloader.php(263): CodeIgniter\Autoloader\Autoloader->loadInNamespace('App\\Controllers\\Reserva')
 4 [internal function]: CodeIgniter\Autoloader\Autoloader->loadClass('App\\Controllers\\Reserva')
 5 SYSTEMPATH\CodeIgniter.php(877): class_exists('\\App\\Controllers\\Reserva', true)
 6 SYSTEMPATH\CodeIgniter.php(481): CodeIgniter\CodeIgniter->startController()
 7 SYSTEMPATH\CodeIgniter.php(353): CodeIgniter\CodeIgniter->handleRequest(null, Object(Config\Cache), false)
 8 FCPATH\index.php(79): CodeIgniter\CodeIgniter->run()
CRITICAL - 2023-11-10 22:01:39 --> Class "App\Controllers\Controller" not found
in APPPATH\Controllers\Reserva.php on line 5.
 1 SYSTEMPATH\Autoloader\Autoloader.php(306): include_once()
 2 SYSTEMPATH\Autoloader\Autoloader.php(285): CodeIgniter\Autoloader\Autoloader->includeFile('C:\\xampp1\\htdocs\\aereoz\\app\\Controllers\\Reserva.php')
 3 SYSTEMPATH\Autoloader\Autoloader.php(263): CodeIgniter\Autoloader\Autoloader->loadInNamespace('App\\Controllers\\Reserva')
 4 [internal function]: CodeIgniter\Autoloader\Autoloader->loadClass('App\\Controllers\\Reserva')
 5 SYSTEMPATH\CodeIgniter.php(877): class_exists('\\App\\Controllers\\Reserva', true)
 6 SYSTEMPATH\CodeIgniter.php(481): CodeIgniter\CodeIgniter->startController()
 7 SYSTEMPATH\CodeIgniter.php(353): CodeIgniter\CodeIgniter->handleRequest(null, Object(Config\Cache), false)
 8 FCPATH\index.php(79): CodeIgniter\CodeIgniter->run()
CRITICAL - 2023-11-10 22:05:42 --> Class "App\Models\Reserva_model" not found
in APPPATH\Controllers\Reserva.php on line 11.
 1 SYSTEMPATH\CodeIgniter.php(919): App\Controllers\Reserva->procesar()
 2 SYSTEMPATH\CodeIgniter.php(494): CodeIgniter\CodeIgniter->runController(Object(App\Controllers\Reserva))
 3 SYSTEMPATH\CodeIgniter.php(353): CodeIgniter\CodeIgniter->handleRequest(null, Object(Config\Cache), false)
 4 FCPATH\index.php(79): CodeIgniter\CodeIgniter->run()
CRITICAL - 2023-11-10 22:05:54 --> Class "App\Models\Reservamodel" not found
in APPPATH\Controllers\Reserva.php on line 11.
 1 SYSTEMPATH\CodeIgniter.php(919): App\Controllers\Reserva->procesar()
 2 SYSTEMPATH\CodeIgniter.php(494): CodeIgniter\CodeIgniter->runController(Object(App\Controllers\Reserva))
 3 SYSTEMPATH\CodeIgniter.php(353): CodeIgniter\CodeIgniter->handleRequest(null, Object(Config\Cache), false)
 4 FCPATH\index.php(79): CodeIgniter\CodeIgniter->run()
CRITICAL - 2023-11-10 22:05:55 --> Class "App\Models\Reservamodel" not found
in APPPATH\Controllers\Reserva.php on line 11.
 1 SYSTEMPATH\CodeIgniter.php(919): App\Controllers\Reserva->procesar()
 2 SYSTEMPATH\CodeIgniter.php(494): CodeIgniter\CodeIgniter->runController(Object(App\Controllers\Reserva))
 3 SYSTEMPATH\CodeIgniter.php(353): CodeIgniter\CodeIgniter->handleRequest(null, Object(Config\Cache), false)
 4 FCPATH\index.php(79): CodeIgniter\CodeIgniter->run()
CRITICAL - 2023-11-10 22:05:56 --> Class "App\Models\Reservamodel" not found
in APPPATH\Controllers\Reserva.php on line 11.
 1 SYSTEMPATH\CodeIgniter.php(919): App\Controllers\Reserva->procesar()
 2 SYSTEMPATH\CodeIgniter.php(494): CodeIgniter\CodeIgniter->runController(Object(App\Controllers\Reserva))
 3 SYSTEMPATH\CodeIgniter.php(353): CodeIgniter\CodeIgniter->handleRequest(null, Object(Config\Cache), false)
 4 FCPATH\index.php(79): CodeIgniter\CodeIgniter->run()
CRITICAL - 2023-11-10 22:07:32 --> Class "App\Models\ReservaModel" not found
in APPPATH\Controllers\Reserva.php on line 11.
 1 SYSTEMPATH\CodeIgniter.php(919): App\Controllers\Reserva->procesar()
 2 SYSTEMPATH\CodeIgniter.php(494): CodeIgniter\CodeIgniter->runController(Object(App\Controllers\Reserva))
 3 SYSTEMPATH\CodeIgniter.php(353): CodeIgniter\CodeIgniter->handleRequest(null, Object(Config\Cache), false)
 4 FCPATH\index.php(79): CodeIgniter\CodeIgniter->run()
ERROR - 2023-11-10 22:07:49 --> mysqli_sql_exception: Column 'nombre' cannot be null in C:\xampp1\htdocs\aereoz\vendor\codeigniter4\framework\system\Database\MySQLi\Connection.php:306
Stack trace:
#0 C:\xampp1\htdocs\aereoz\vendor\codeigniter4\framework\system\Database\MySQLi\Connection.php(306): mysqli->query('INSERT INTO `re...', 0)
#1 C:\xampp1\htdocs\aereoz\vendor\codeigniter4\framework\system\Database\BaseConnection.php(692): CodeIgniter\Database\MySQLi\Connection->execute('INSERT INTO `re...')
#2 C:\xampp1\htdocs\aereoz\vendor\codeigniter4\framework\system\Database\BaseConnection.php(606): CodeIgniter\Database\BaseConnection->simpleQuery('INSERT INTO `re...')
#3 C:\xampp1\htdocs\aereoz\vendor\codeigniter4\framework\system\Database\BaseBuilder.php(2308): CodeIgniter\Database\BaseConnection->query('INSERT INTO `re...', Array, false)
#4 C:\xampp1\htdocs\aereoz\vendor\codeigniter4\framework\system\Model.php(319): CodeIgniter\Database\BaseBuilder->insert()
#5 C:\xampp1\htdocs\aereoz\vendor\codeigniter4\framework\system\BaseModel.php(788): CodeIgniter\Model->doInsert(Array)
#6 C:\xampp1\htdocs\aereoz\vendor\codeigniter4\framework\system\Model.php(715): CodeIgniter\BaseModel->insert(Array, true)
#7 C:\xampp1\htdocs\aereoz\app\Controllers\Reserva.php(25): CodeIgniter\Model->insert(Array)
#8 C:\xampp1\htdocs\aereoz\vendor\codeigniter4\framework\system\CodeIgniter.php(919): App\Controllers\Reserva->procesar()
#9 C:\xampp1\htdocs\aereoz\vendor\codeigniter4\framework\system\CodeIgniter.php(494): CodeIgniter\CodeIgniter->runController(Object(App\Controllers\Reserva))
#10 C:\xampp1\htdocs\aereoz\vendor\codeigniter4\framework\system\CodeIgniter.php(353): CodeIgniter\CodeIgniter->handleRequest(NULL, Object(Config\Cache), false)
#11 C:\xampp1\htdocs\aereoz\public\index.php(79): CodeIgniter\CodeIgniter->run()
#12 {main}
CRITICAL - 2023-11-10 22:07:49 --> Column 'nombre' cannot be null
in SYSTEMPATH\Database\BaseConnection.php on line 646.
 1 SYSTEMPATH\Database\BaseBuilder.php(2308): CodeIgniter\Database\BaseConnection->query('INSERT INTO `reservas` (`nombre`, `apellidos`, `email`, `telefono`, `direccion`, `fecha_nacimiento`, `nacionalidad`, `dni`, `asientos`) VALUES (:nombre:, :apellidos:, :email:, :telefono:, :direccion:, :fecha_nacimiento:, :nacionalidad:, :dni:, :asientos:)', [...], false)
 2 SYSTEMPATH\Model.php(319): CodeIgniter\Database\BaseBuilder->insert()
 3 SYSTEMPATH\BaseModel.php(788): CodeIgniter\Model->doInsert([...])
 4 SYSTEMPATH\Model.php(715): CodeIgniter\BaseModel->insert([...], true)
 5 APPPATH\Controllers\Reserva.php(25): CodeIgniter\Model->insert([...])
 6 SYSTEMPATH\CodeIgniter.php(919): App\Controllers\Reserva->procesar()
 7 SYSTEMPATH\CodeIgniter.php(494): CodeIgniter\CodeIgniter->runController(Object(App\Controllers\Reserva))
 8 SYSTEMPATH\CodeIgniter.php(353): CodeIgniter\CodeIgniter->handleRequest(null, Object(Config\Cache), false)
 9 FCPATH\index.php(79): CodeIgniter\CodeIgniter->run()
ERROR - 2023-11-10 22:12:14 --> mysqli_sql_exception: Column 'nombre' cannot be null in C:\xampp1\htdocs\aereoz\vendor\codeigniter4\framework\system\Database\MySQLi\Connection.php:306
Stack trace:
#0 C:\xampp1\htdocs\aereoz\vendor\codeigniter4\framework\system\Database\MySQLi\Connection.php(306): mysqli->query('INSERT INTO `re...', 0)
#1 C:\xampp1\htdocs\aereoz\vendor\codeigniter4\framework\system\Database\BaseConnection.php(692): CodeIgniter\Database\MySQLi\Connection->execute('INSERT INTO `re...')
#2 C:\xampp1\htdocs\aereoz\vendor\codeigniter4\framework\system\Database\BaseConnection.php(606): CodeIgniter\Database\BaseConnection->simpleQuery('INSERT INTO `re...')
#3 C:\xampp1\htdocs\aereoz\vendor\codeigniter4\framework\system\Database\BaseBuilder.php(2308): CodeIgniter\Database\BaseConnection->query('INSERT INTO `re...', Array, false)
#4 C:\xampp1\htdocs\aereoz\vendor\codeigniter4\framework\system\Model.php(319): CodeIgniter\Database\BaseBuilder->insert()
#5 C:\xampp1\htdocs\aereoz\vendor\codeigniter4\framework\system\BaseModel.php(788): CodeIgniter\Model->doInsert(Array)
#6 C:\xampp1\htdocs\aereoz\vendor\codeigniter4\framework\system\Model.php(715): CodeIgniter\BaseModel->insert(Array, true)
#7 C:\xampp1\htdocs\aereoz\app\Controllers\Reserva.php(25): CodeIgniter\Model->insert(Array)
#8 C:\xampp1\htdocs\aereoz\vendor\codeigniter4\framework\system\CodeIgniter.php(919): App\Controllers\Reserva->procesar()
#9 C:\xampp1\htdocs\aereoz\vendor\codeigniter4\framework\system\CodeIgniter.php(494): CodeIgniter\CodeIgniter->runController(Object(App\Controllers\Reserva))
#10 C:\xampp1\htdocs\aereoz\vendor\codeigniter4\framework\system\CodeIgniter.php(353): CodeIgniter\CodeIgniter->handleRequest(NULL, Object(Config\Cache), false)
#11 C:\xampp1\htdocs\aereoz\public\index.php(79): CodeIgniter\CodeIgniter->run()
#12 {main}
CRITICAL - 2023-11-10 22:12:14 --> Column 'nombre' cannot be null
in SYSTEMPATH\Database\BaseConnection.php on line 646.
 1 SYSTEMPATH\Database\BaseBuilder.php(2308): CodeIgniter\Database\BaseConnection->query('INSERT INTO `reservas` (`nombre`, `apellidos`, `email`, `telefono`, `direccion`, `fecha_nacimiento`, `nacionalidad`, `dni`, `asientos`) VALUES (:nombre:, :apellidos:, :email:, :telefono:, :direccion:, :fecha_nacimiento:, :nacionalidad:, :dni:, :asientos:)', [...], false)
 2 SYSTEMPATH\Model.php(319): CodeIgniter\Database\BaseBuilder->insert()
 3 SYSTEMPATH\BaseModel.php(788): CodeIgniter\Model->doInsert([...])
 4 SYSTEMPATH\Model.php(715): CodeIgniter\BaseModel->insert([...], true)
 5 APPPATH\Controllers\Reserva.php(25): CodeIgniter\Model->insert([...])
 6 SYSTEMPATH\CodeIgniter.php(919): App\Controllers\Reserva->procesar()
 7 SYSTEMPATH\CodeIgniter.php(494): CodeIgniter\CodeIgniter->runController(Object(App\Controllers\Reserva))
 8 SYSTEMPATH\CodeIgniter.php(353): CodeIgniter\CodeIgniter->handleRequest(null, Object(Config\Cache), false)
 9 FCPATH\index.php(79): CodeIgniter\CodeIgniter->run()
ERROR - 2023-11-10 22:12:15 --> mysqli_sql_exception: Column 'nombre' cannot be null in C:\xampp1\htdocs\aereoz\vendor\codeigniter4\framework\system\Database\MySQLi\Connection.php:306
Stack trace:
#0 C:\xampp1\htdocs\aereoz\vendor\codeigniter4\framework\system\Database\MySQLi\Connection.php(306): mysqli->query('INSERT INTO `re...', 0)
#1 C:\xampp1\htdocs\aereoz\vendor\codeigniter4\framework\system\Database\BaseConnection.php(692): CodeIgniter\Database\MySQLi\Connection->execute('INSERT INTO `re...')
#2 C:\xampp1\htdocs\aereoz\vendor\codeigniter4\framework\system\Database\BaseConnection.php(606): CodeIgniter\Database\BaseConnection->simpleQuery('INSERT INTO `re...')
#3 C:\xampp1\htdocs\aereoz\vendor\codeigniter4\framework\system\Database\BaseBuilder.php(2308): CodeIgniter\Database\BaseConnection->query('INSERT INTO `re...', Array, false)
#4 C:\xampp1\htdocs\aereoz\vendor\codeigniter4\framework\system\Model.php(319): CodeIgniter\Database\BaseBuilder->insert()
#5 C:\xampp1\htdocs\aereoz\vendor\codeigniter4\framework\system\BaseModel.php(788): CodeIgniter\Model->doInsert(Array)
#6 C:\xampp1\htdocs\aereoz\vendor\codeigniter4\framework\system\Model.php(715): CodeIgniter\BaseModel->insert(Array, true)
#7 C:\xampp1\htdocs\aereoz\app\Controllers\Reserva.php(25): CodeIgniter\Model->insert(Array)
#8 C:\xampp1\htdocs\aereoz\vendor\codeigniter4\framework\system\CodeIgniter.php(919): App\Controllers\Reserva->procesar()
#9 C:\xampp1\htdocs\aereoz\vendor\codeigniter4\framework\system\CodeIgniter.php(494): CodeIgniter\CodeIgniter->runController(Object(App\Controllers\Reserva))
#10 C:\xampp1\htdocs\aereoz\vendor\codeigniter4\framework\system\CodeIgniter.php(353): CodeIgniter\CodeIgniter->handleRequest(NULL, Object(Config\Cache), false)
#11 C:\xampp1\htdocs\aereoz\public\index.php(79): CodeIgniter\CodeIgniter->run()
#12 {main}
CRITICAL - 2023-11-10 22:12:15 --> Column 'nombre' cannot be null
in SYSTEMPATH\Database\BaseConnection.php on line 646.
 1 SYSTEMPATH\Database\BaseBuilder.php(2308): CodeIgniter\Database\BaseConnection->query('INSERT INTO `reservas` (`nombre`, `apellidos`, `email`, `telefono`, `direccion`, `fecha_nacimiento`, `nacionalidad`, `dni`, `asientos`) VALUES (:nombre:, :apellidos:, :email:, :telefono:, :direccion:, :fecha_nacimiento:, :nacionalidad:, :dni:, :asientos:)', [...], false)
 2 SYSTEMPATH\Model.php(319): CodeIgniter\Database\BaseBuilder->insert()
 3 SYSTEMPATH\BaseModel.php(788): CodeIgniter\Model->doInsert([...])
 4 SYSTEMPATH\Model.php(715): CodeIgniter\BaseModel->insert([...], true)
 5 APPPATH\Controllers\Reserva.php(25): CodeIgniter\Model->insert([...])
 6 SYSTEMPATH\CodeIgniter.php(919): App\Controllers\Reserva->procesar()
 7 SYSTEMPATH\CodeIgniter.php(494): CodeIgniter\CodeIgniter->runController(Object(App\Controllers\Reserva))
 8 SYSTEMPATH\CodeIgniter.php(353): CodeIgniter\CodeIgniter->handleRequest(null, Object(Config\Cache), false)
 9 FCPATH\index.php(79): CodeIgniter\CodeIgniter->run()
ERROR - 2023-11-10 22:12:21 --> mysqli_sql_exception: Column 'nombre' cannot be null in C:\xampp1\htdocs\aereoz\vendor\codeigniter4\framework\system\Database\MySQLi\Connection.php:306
Stack trace:
#0 C:\xampp1\htdocs\aereoz\vendor\codeigniter4\framework\system\Database\MySQLi\Connection.php(306): mysqli->query('INSERT INTO `re...', 0)
#1 C:\xampp1\htdocs\aereoz\vendor\codeigniter4\framework\system\Database\BaseConnection.php(692): CodeIgniter\Database\MySQLi\Connection->execute('INSERT INTO `re...')
#2 C:\xampp1\htdocs\aereoz\vendor\codeigniter4\framework\system\Database\BaseConnection.php(606): CodeIgniter\Database\BaseConnection->simpleQuery('INSERT INTO `re...')
#3 C:\xampp1\htdocs\aereoz\vendor\codeigniter4\framework\system\Database\BaseBuilder.php(2308): CodeIgniter\Database\BaseConnection->query('INSERT INTO `re...', Array, false)
#4 C:\xampp1\htdocs\aereoz\vendor\codeigniter4\framework\system\Model.php(319): CodeIgniter\Database\BaseBuilder->insert()
#5 C:\xampp1\htdocs\aereoz\vendor\codeigniter4\framework\system\BaseModel.php(788): CodeIgniter\Model->doInsert(Array)
#6 C:\xampp1\htdocs\aereoz\vendor\codeigniter4\framework\system\Model.php(715): CodeIgniter\BaseModel->insert(Array, true)
#7 C:\xampp1\htdocs\aereoz\app\Controllers\Reserva.php(25): CodeIgniter\Model->insert(Array)
#8 C:\xampp1\htdocs\aereoz\vendor\codeigniter4\framework\system\CodeIgniter.php(919): App\Controllers\Reserva->procesar()
#9 C:\xampp1\htdocs\aereoz\vendor\codeigniter4\framework\system\CodeIgniter.php(494): CodeIgniter\CodeIgniter->runController(Object(App\Controllers\Reserva))
#10 C:\xampp1\htdocs\aereoz\vendor\codeigniter4\framework\system\CodeIgniter.php(353): CodeIgniter\CodeIgniter->handleRequest(NULL, Object(Config\Cache), false)
#11 C:\xampp1\htdocs\aereoz\public\index.php(79): CodeIgniter\CodeIgniter->run()
#12 {main}
CRITICAL - 2023-11-10 22:12:21 --> Column 'nombre' cannot be null
in SYSTEMPATH\Database\BaseConnection.php on line 646.
 1 SYSTEMPATH\Database\BaseBuilder.php(2308): CodeIgniter\Database\BaseConnection->query('INSERT INTO `reservas` (`nombre`, `apellidos`, `email`, `telefono`, `direccion`, `fecha_nacimiento`, `nacionalidad`, `dni`, `asientos`) VALUES (:nombre:, :apellidos:, :email:, :telefono:, :direccion:, :fecha_nacimiento:, :nacionalidad:, :dni:, :asientos:)', [...], false)
 2 SYSTEMPATH\Model.php(319): CodeIgniter\Database\BaseBuilder->insert()
 3 SYSTEMPATH\BaseModel.php(788): CodeIgniter\Model->doInsert([...])
 4 SYSTEMPATH\Model.php(715): CodeIgniter\BaseModel->insert([...], true)
 5 APPPATH\Controllers\Reserva.php(25): CodeIgniter\Model->insert([...])
 6 SYSTEMPATH\CodeIgniter.php(919): App\Controllers\Reserva->procesar()
 7 SYSTEMPATH\CodeIgniter.php(494): CodeIgniter\CodeIgniter->runController(Object(App\Controllers\Reserva))
 8 SYSTEMPATH\CodeIgniter.php(353): CodeIgniter\CodeIgniter->handleRequest(null, Object(Config\Cache), false)
 9 FCPATH\index.php(79): CodeIgniter\CodeIgniter->run()
ERROR - 2023-11-10 22:13:47 --> mysqli_sql_exception: Column 'nombre' cannot be null in C:\xampp1\htdocs\aereoz\vendor\codeigniter4\framework\system\Database\MySQLi\Connection.php:306
Stack trace:
#0 C:\xampp1\htdocs\aereoz\vendor\codeigniter4\framework\system\Database\MySQLi\Connection.php(306): mysqli->query('INSERT INTO `re...', 0)
#1 C:\xampp1\htdocs\aereoz\vendor\codeigniter4\framework\system\Database\BaseConnection.php(692): CodeIgniter\Database\MySQLi\Connection->execute('INSERT INTO `re...')
#2 C:\xampp1\htdocs\aereoz\vendor\codeigniter4\framework\system\Database\BaseConnection.php(606): CodeIgniter\Database\BaseConnection->simpleQuery('INSERT INTO `re...')
#3 C:\xampp1\htdocs\aereoz\vendor\codeigniter4\framework\system\Database\BaseBuilder.php(2308): CodeIgniter\Database\BaseConnection->query('INSERT INTO `re...', Array, false)
#4 C:\xampp1\htdocs\aereoz\vendor\codeigniter4\framework\system\Model.php(319): CodeIgniter\Database\BaseBuilder->insert()
#5 C:\xampp1\htdocs\aereoz\vendor\codeigniter4\framework\system\BaseModel.php(788): CodeIgniter\Model->doInsert(Array)
#6 C:\xampp1\htdocs\aereoz\vendor\codeigniter4\framework\system\Model.php(715): CodeIgniter\BaseModel->insert(Array, true)
#7 C:\xampp1\htdocs\aereoz\app\Controllers\Reserva.php(26): CodeIgniter\Model->insert(Array)
#8 C:\xampp1\htdocs\aereoz\vendor\codeigniter4\framework\system\CodeIgniter.php(919): App\Controllers\Reserva->procesar()
#9 C:\xampp1\htdocs\aereoz\vendor\codeigniter4\framework\system\CodeIgniter.php(494): CodeIgniter\CodeIgniter->runController(Object(App\Controllers\Reserva))
#10 C:\xampp1\htdocs\aereoz\vendor\codeigniter4\framework\system\CodeIgniter.php(353): CodeIgniter\CodeIgniter->handleRequest(NULL, Object(Config\Cache), false)
#11 C:\xampp1\htdocs\aereoz\public\index.php(79): CodeIgniter\CodeIgniter->run()
#12 {main}
CRITICAL - 2023-11-10 22:13:47 --> Column 'nombre' cannot be null
in SYSTEMPATH\Database\BaseConnection.php on line 646.
 1 SYSTEMPATH\Database\BaseBuilder.php(2308): CodeIgniter\Database\BaseConnection->query('INSERT INTO `reservas` (`nombre`, `apellidos`, `email`, `telefono`, `direccion`, `fecha_nacimiento`, `nacionalidad`, `dni`, `asientos`) VALUES (:nombre:, :apellidos:, :email:, :telefono:, :direccion:, :fecha_nacimiento:, :nacionalidad:, :dni:, :asientos:)', [...], false)
 2 SYSTEMPATH\Model.php(319): CodeIgniter\Database\BaseBuilder->insert()
 3 SYSTEMPATH\BaseModel.php(788): CodeIgniter\Model->doInsert([...])
 4 SYSTEMPATH\Model.php(715): CodeIgniter\BaseModel->insert([...], true)
 5 APPPATH\Controllers\Reserva.php(26): CodeIgniter\Model->insert([...])
 6 SYSTEMPATH\CodeIgniter.php(919): App\Controllers\Reserva->procesar()
 7 SYSTEMPATH\CodeIgniter.php(494): CodeIgniter\CodeIgniter->runController(Object(App\Controllers\Reserva))
 8 SYSTEMPATH\CodeIgniter.php(353): CodeIgniter\CodeIgniter->handleRequest(null, Object(Config\Cache), false)
 9 FCPATH\index.php(79): CodeIgniter\CodeIgniter->run()
ERROR - 2023-11-10 22:13:48 --> mysqli_sql_exception: Column 'nombre' cannot be null in C:\xampp1\htdocs\aereoz\vendor\codeigniter4\framework\system\Database\MySQLi\Connection.php:306
Stack trace:
#0 C:\xampp1\htdocs\aereoz\vendor\codeigniter4\framework\system\Database\MySQLi\Connection.php(306): mysqli->query('INSERT INTO `re...', 0)
#1 C:\xampp1\htdocs\aereoz\vendor\codeigniter4\framework\system\Database\BaseConnection.php(692): CodeIgniter\Database\MySQLi\Connection->execute('INSERT INTO `re...')
#2 C:\xampp1\htdocs\aereoz\vendor\codeigniter4\framework\system\Database\BaseConnection.php(606): CodeIgniter\Database\BaseConnection->simpleQuery('INSERT INTO `re...')
#3 C:\xampp1\htdocs\aereoz\vendor\codeigniter4\framework\system\Database\BaseBuilder.php(2308): CodeIgniter\Database\BaseConnection->query('INSERT INTO `re...', Array, false)
#4 C:\xampp1\htdocs\aereoz\vendor\codeigniter4\framework\system\Model.php(319): CodeIgniter\Database\BaseBuilder->insert()
#5 C:\xampp1\htdocs\aereoz\vendor\codeigniter4\framework\system\BaseModel.php(788): CodeIgniter\Model->doInsert(Array)
#6 C:\xampp1\htdocs\aereoz\vendor\codeigniter4\framework\system\Model.php(715): CodeIgniter\BaseModel->insert(Array, true)
#7 C:\xampp1\htdocs\aereoz\app\Controllers\Reserva.php(26): CodeIgniter\Model->insert(Array)
#8 C:\xampp1\htdocs\aereoz\vendor\codeigniter4\framework\system\CodeIgniter.php(919): App\Controllers\Reserva->procesar()
#9 C:\xampp1\htdocs\aereoz\vendor\codeigniter4\framework\system\CodeIgniter.php(494): CodeIgniter\CodeIgniter->runController(Object(App\Controllers\Reserva))
#10 C:\xampp1\htdocs\aereoz\vendor\codeigniter4\framework\system\CodeIgniter.php(353): CodeIgniter\CodeIgniter->handleRequest(NULL, Object(Config\Cache), false)
#11 C:\xampp1\htdocs\aereoz\public\index.php(79): CodeIgniter\CodeIgniter->run()
#12 {main}
CRITICAL - 2023-11-10 22:13:48 --> Column 'nombre' cannot be null
in SYSTEMPATH\Database\BaseConnection.php on line 646.
 1 SYSTEMPATH\Database\BaseBuilder.php(2308): CodeIgniter\Database\BaseConnection->query('INSERT INTO `reservas` (`nombre`, `apellidos`, `email`, `telefono`, `direccion`, `fecha_nacimiento`, `nacionalidad`, `dni`, `asientos`) VALUES (:nombre:, :apellidos:, :email:, :telefono:, :direccion:, :fecha_nacimiento:, :nacionalidad:, :dni:, :asientos:)', [...], false)
 2 SYSTEMPATH\Model.php(319): CodeIgniter\Database\BaseBuilder->insert()
 3 SYSTEMPATH\BaseModel.php(788): CodeIgniter\Model->doInsert([...])
 4 SYSTEMPATH\Model.php(715): CodeIgniter\BaseModel->insert([...], true)
 5 APPPATH\Controllers\Reserva.php(26): CodeIgniter\Model->insert([...])
 6 SYSTEMPATH\CodeIgniter.php(919): App\Controllers\Reserva->procesar()
 7 SYSTEMPATH\CodeIgniter.php(494): CodeIgniter\CodeIgniter->runController(Object(App\Controllers\Reserva))
 8 SYSTEMPATH\CodeIgniter.php(353): CodeIgniter\CodeIgniter->handleRequest(null, Object(Config\Cache), false)
 9 FCPATH\index.php(79): CodeIgniter\CodeIgniter->run()
ERROR - 2023-11-10 22:13:48 --> mysqli_sql_exception: Column 'nombre' cannot be null in C:\xampp1\htdocs\aereoz\vendor\codeigniter4\framework\system\Database\MySQLi\Connection.php:306
Stack trace:
#0 C:\xampp1\htdocs\aereoz\vendor\codeigniter4\framework\system\Database\MySQLi\Connection.php(306): mysqli->query('INSERT INTO `re...', 0)
#1 C:\xampp1\htdocs\aereoz\vendor\codeigniter4\framework\system\Database\BaseConnection.php(692): CodeIgniter\Database\MySQLi\Connection->execute('INSERT INTO `re...')
#2 C:\xampp1\htdocs\aereoz\vendor\codeigniter4\framework\system\Database\BaseConnection.php(606): CodeIgniter\Database\BaseConnection->simpleQuery('INSERT INTO `re...')
#3 C:\xampp1\htdocs\aereoz\vendor\codeigniter4\framework\system\Database\BaseBuilder.php(2308): CodeIgniter\Database\BaseConnection->query('INSERT INTO `re...', Array, false)
#4 C:\xampp1\htdocs\aereoz\vendor\codeigniter4\framework\system\Model.php(319): CodeIgniter\Database\BaseBuilder->insert()
#5 C:\xampp1\htdocs\aereoz\vendor\codeigniter4\framework\system\BaseModel.php(788): CodeIgniter\Model->doInsert(Array)
#6 C:\xampp1\htdocs\aereoz\vendor\codeigniter4\framework\system\Model.php(715): CodeIgniter\BaseModel->insert(Array, true)
#7 C:\xampp1\htdocs\aereoz\app\Controllers\Reserva.php(26): CodeIgniter\Model->insert(Array)
#8 C:\xampp1\htdocs\aereoz\vendor\codeigniter4\framework\system\CodeIgniter.php(919): App\Controllers\Reserva->procesar()
#9 C:\xampp1\htdocs\aereoz\vendor\codeigniter4\framework\system\CodeIgniter.php(494): CodeIgniter\CodeIgniter->runController(Object(App\Controllers\Reserva))
#10 C:\xampp1\htdocs\aereoz\vendor\codeigniter4\framework\system\CodeIgniter.php(353): CodeIgniter\CodeIgniter->handleRequest(NULL, Object(Config\Cache), false)
#11 C:\xampp1\htdocs\aereoz\public\index.php(79): CodeIgniter\CodeIgniter->run()
#12 {main}
CRITICAL - 2023-11-10 22:13:48 --> Column 'nombre' cannot be null
in SYSTEMPATH\Database\BaseConnection.php on line 646.
 1 SYSTEMPATH\Database\BaseBuilder.php(2308): CodeIgniter\Database\BaseConnection->query('INSERT INTO `reservas` (`nombre`, `apellidos`, `email`, `telefono`, `direccion`, `fecha_nacimiento`, `nacionalidad`, `dni`, `asientos`) VALUES (:nombre:, :apellidos:, :email:, :telefono:, :direccion:, :fecha_nacimiento:, :nacionalidad:, :dni:, :asientos:)', [...], false)
 2 SYSTEMPATH\Model.php(319): CodeIgniter\Database\BaseBuilder->insert()
 3 SYSTEMPATH\BaseModel.php(788): CodeIgniter\Model->doInsert([...])
 4 SYSTEMPATH\Model.php(715): CodeIgniter\BaseModel->insert([...], true)
 5 APPPATH\Controllers\Reserva.php(26): CodeIgniter\Model->insert([...])
 6 SYSTEMPATH\CodeIgniter.php(919): App\Controllers\Reserva->procesar()
 7 SYSTEMPATH\CodeIgniter.php(494): CodeIgniter\CodeIgniter->runController(Object(App\Controllers\Reserva))
 8 SYSTEMPATH\CodeIgniter.php(353): CodeIgniter\CodeIgniter->handleRequest(null, Object(Config\Cache), false)
 9 FCPATH\index.php(79): CodeIgniter\CodeIgniter->run()
ERROR - 2023-11-10 22:13:48 --> mysqli_sql_exception: Column 'nombre' cannot be null in C:\xampp1\htdocs\aereoz\vendor\codeigniter4\framework\system\Database\MySQLi\Connection.php:306
Stack trace:
#0 C:\xampp1\htdocs\aereoz\vendor\codeigniter4\framework\system\Database\MySQLi\Connection.php(306): mysqli->query('INSERT INTO `re...', 0)
#1 C:\xampp1\htdocs\aereoz\vendor\codeigniter4\framework\system\Database\BaseConnection.php(692): CodeIgniter\Database\MySQLi\Connection->execute('INSERT INTO `re...')
#2 C:\xampp1\htdocs\aereoz\vendor\codeigniter4\framework\system\Database\BaseConnection.php(606): CodeIgniter\Database\BaseConnection->simpleQuery('INSERT INTO `re...')
#3 C:\xampp1\htdocs\aereoz\vendor\codeigniter4\framework\system\Database\BaseBuilder.php(2308): CodeIgniter\Database\BaseConnection->query('INSERT INTO `re...', Array, false)
#4 C:\xampp1\htdocs\aereoz\vendor\codeigniter4\framework\system\Model.php(319): CodeIgniter\Database\BaseBuilder->insert()
#5 C:\xampp1\htdocs\aereoz\vendor\codeigniter4\framework\system\BaseModel.php(788): CodeIgniter\Model->doInsert(Array)
#6 C:\xampp1\htdocs\aereoz\vendor\codeigniter4\framework\system\Model.php(715): CodeIgniter\BaseModel->insert(Array, true)
#7 C:\xampp1\htdocs\aereoz\app\Controllers\Reserva.php(26): CodeIgniter\Model->insert(Array)
#8 C:\xampp1\htdocs\aereoz\vendor\codeigniter4\framework\system\CodeIgniter.php(919): App\Controllers\Reserva->procesar()
#9 C:\xampp1\htdocs\aereoz\vendor\codeigniter4\framework\system\CodeIgniter.php(494): CodeIgniter\CodeIgniter->runController(Object(App\Controllers\Reserva))
#10 C:\xampp1\htdocs\aereoz\vendor\codeigniter4\framework\system\CodeIgniter.php(353): CodeIgniter\CodeIgniter->handleRequest(NULL, Object(Config\Cache), false)
#11 C:\xampp1\htdocs\aereoz\public\index.php(79): CodeIgniter\CodeIgniter->run()
#12 {main}
CRITICAL - 2023-11-10 22:13:48 --> Column 'nombre' cannot be null
in SYSTEMPATH\Database\BaseConnection.php on line 646.
 1 SYSTEMPATH\Database\BaseBuilder.php(2308): CodeIgniter\Database\BaseConnection->query('INSERT INTO `reservas` (`nombre`, `apellidos`, `email`, `telefono`, `direccion`, `fecha_nacimiento`, `nacionalidad`, `dni`, `asientos`) VALUES (:nombre:, :apellidos:, :email:, :telefono:, :direccion:, :fecha_nacimiento:, :nacionalidad:, :dni:, :asientos:)', [...], false)
 2 SYSTEMPATH\Model.php(319): CodeIgniter\Database\BaseBuilder->insert()
 3 SYSTEMPATH\BaseModel.php(788): CodeIgniter\Model->doInsert([...])
 4 SYSTEMPATH\Model.php(715): CodeIgniter\BaseModel->insert([...], true)
 5 APPPATH\Controllers\Reserva.php(26): CodeIgniter\Model->insert([...])
 6 SYSTEMPATH\CodeIgniter.php(919): App\Controllers\Reserva->procesar()
 7 SYSTEMPATH\CodeIgniter.php(494): CodeIgniter\CodeIgniter->runController(Object(App\Controllers\Reserva))
 8 SYSTEMPATH\CodeIgniter.php(353): CodeIgniter\CodeIgniter->handleRequest(null, Object(Config\Cache), false)
 9 FCPATH\index.php(79): CodeIgniter\CodeIgniter->run()
ERROR - 2023-11-10 22:13:48 --> mysqli_sql_exception: Column 'nombre' cannot be null in C:\xampp1\htdocs\aereoz\vendor\codeigniter4\framework\system\Database\MySQLi\Connection.php:306
Stack trace:
#0 C:\xampp1\htdocs\aereoz\vendor\codeigniter4\framework\system\Database\MySQLi\Connection.php(306): mysqli->query('INSERT INTO `re...', 0)
#1 C:\xampp1\htdocs\aereoz\vendor\codeigniter4\framework\system\Database\BaseConnection.php(692): CodeIgniter\Database\MySQLi\Connection->execute('INSERT INTO `re...')
#2 C:\xampp1\htdocs\aereoz\vendor\codeigniter4\framework\system\Database\BaseConnection.php(606): CodeIgniter\Database\BaseConnection->simpleQuery('INSERT INTO `re...')
#3 C:\xampp1\htdocs\aereoz\vendor\codeigniter4\framework\system\Database\BaseBuilder.php(2308): CodeIgniter\Database\BaseConnection->query('INSERT INTO `re...', Array, false)
#4 C:\xampp1\htdocs\aereoz\vendor\codeigniter4\framework\system\Model.php(319): CodeIgniter\Database\BaseBuilder->insert()
#5 C:\xampp1\htdocs\aereoz\vendor\codeigniter4\framework\system\BaseModel.php(788): CodeIgniter\Model->doInsert(Array)
#6 C:\xampp1\htdocs\aereoz\vendor\codeigniter4\framework\system\Model.php(715): CodeIgniter\BaseModel->insert(Array, true)
#7 C:\xampp1\htdocs\aereoz\app\Controllers\Reserva.php(26): CodeIgniter\Model->insert(Array)
#8 C:\xampp1\htdocs\aereoz\vendor\codeigniter4\framework\system\CodeIgniter.php(919): App\Controllers\Reserva->procesar()
#9 C:\xampp1\htdocs\aereoz\vendor\codeigniter4\framework\system\CodeIgniter.php(494): CodeIgniter\CodeIgniter->runController(Object(App\Controllers\Reserva))
#10 C:\xampp1\htdocs\aereoz\vendor\codeigniter4\framework\system\CodeIgniter.php(353): CodeIgniter\CodeIgniter->handleRequest(NULL, Object(Config\Cache), false)
#11 C:\xampp1\htdocs\aereoz\public\index.php(79): CodeIgniter\CodeIgniter->run()
#12 {main}
CRITICAL - 2023-11-10 22:13:48 --> Column 'nombre' cannot be null
in SYSTEMPATH\Database\BaseConnection.php on line 646.
 1 SYSTEMPATH\Database\BaseBuilder.php(2308): CodeIgniter\Database\BaseConnection->query('INSERT INTO `reservas` (`nombre`, `apellidos`, `email`, `telefono`, `direccion`, `fecha_nacimiento`, `nacionalidad`, `dni`, `asientos`) VALUES (:nombre:, :apellidos:, :email:, :telefono:, :direccion:, :fecha_nacimiento:, :nacionalidad:, :dni:, :asientos:)', [...], false)
 2 SYSTEMPATH\Model.php(319): CodeIgniter\Database\BaseBuilder->insert()
 3 SYSTEMPATH\BaseModel.php(788): CodeIgniter\Model->doInsert([...])
 4 SYSTEMPATH\Model.php(715): CodeIgniter\BaseModel->insert([...], true)
 5 APPPATH\Controllers\Reserva.php(26): CodeIgniter\Model->insert([...])
 6 SYSTEMPATH\CodeIgniter.php(919): App\Controllers\Reserva->procesar()
 7 SYSTEMPATH\CodeIgniter.php(494): CodeIgniter\CodeIgniter->runController(Object(App\Controllers\Reserva))
 8 SYSTEMPATH\CodeIgniter.php(353): CodeIgniter\CodeIgniter->handleRequest(null, Object(Config\Cache), false)
 9 FCPATH\index.php(79): CodeIgniter\CodeIgniter->run()
ERROR - 2023-11-10 22:13:48 --> mysqli_sql_exception: Column 'nombre' cannot be null in C:\xampp1\htdocs\aereoz\vendor\codeigniter4\framework\system\Database\MySQLi\Connection.php:306
Stack trace:
#0 C:\xampp1\htdocs\aereoz\vendor\codeigniter4\framework\system\Database\MySQLi\Connection.php(306): mysqli->query('INSERT INTO `re...', 0)
#1 C:\xampp1\htdocs\aereoz\vendor\codeigniter4\framework\system\Database\BaseConnection.php(692): CodeIgniter\Database\MySQLi\Connection->execute('INSERT INTO `re...')
#2 C:\xampp1\htdocs\aereoz\vendor\codeigniter4\framework\system\Database\BaseConnection.php(606): CodeIgniter\Database\BaseConnection->simpleQuery('INSERT INTO `re...')
#3 C:\xampp1\htdocs\aereoz\vendor\codeigniter4\framework\system\Database\BaseBuilder.php(2308): CodeIgniter\Database\BaseConnection->query('INSERT INTO `re...', Array, false)
#4 C:\xampp1\htdocs\aereoz\vendor\codeigniter4\framework\system\Model.php(319): CodeIgniter\Database\BaseBuilder->insert()
#5 C:\xampp1\htdocs\aereoz\vendor\codeigniter4\framework\system\BaseModel.php(788): CodeIgniter\Model->doInsert(Array)
#6 C:\xampp1\htdocs\aereoz\vendor\codeigniter4\framework\system\Model.php(715): CodeIgniter\BaseModel->insert(Array, true)
#7 C:\xampp1\htdocs\aereoz\app\Controllers\Reserva.php(26): CodeIgniter\Model->insert(Array)
#8 C:\xampp1\htdocs\aereoz\vendor\codeigniter4\framework\system\CodeIgniter.php(919): App\Controllers\Reserva->procesar()
#9 C:\xampp1\htdocs\aereoz\vendor\codeigniter4\framework\system\CodeIgniter.php(494): CodeIgniter\CodeIgniter->runController(Object(App\Controllers\Reserva))
#10 C:\xampp1\htdocs\aereoz\vendor\codeigniter4\framework\system\CodeIgniter.php(353): CodeIgniter\CodeIgniter->handleRequest(NULL, Object(Config\Cache), false)
#11 C:\xampp1\htdocs\aereoz\public\index.php(79): CodeIgniter\CodeIgniter->run()
#12 {main}
CRITICAL - 2023-11-10 22:13:48 --> Column 'nombre' cannot be null
in SYSTEMPATH\Database\BaseConnection.php on line 646.
 1 SYSTEMPATH\Database\BaseBuilder.php(2308): CodeIgniter\Database\BaseConnection->query('INSERT INTO `reservas` (`nombre`, `apellidos`, `email`, `telefono`, `direccion`, `fecha_nacimiento`, `nacionalidad`, `dni`, `asientos`) VALUES (:nombre:, :apellidos:, :email:, :telefono:, :direccion:, :fecha_nacimiento:, :nacionalidad:, :dni:, :asientos:)', [...], false)
 2 SYSTEMPATH\Model.php(319): CodeIgniter\Database\BaseBuilder->insert()
 3 SYSTEMPATH\BaseModel.php(788): CodeIgniter\Model->doInsert([...])
 4 SYSTEMPATH\Model.php(715): CodeIgniter\BaseModel->insert([...], true)
 5 APPPATH\Controllers\Reserva.php(26): CodeIgniter\Model->insert([...])
 6 SYSTEMPATH\CodeIgniter.php(919): App\Controllers\Reserva->procesar()
 7 SYSTEMPATH\CodeIgniter.php(494): CodeIgniter\CodeIgniter->runController(Object(App\Controllers\Reserva))
 8 SYSTEMPATH\CodeIgniter.php(353): CodeIgniter\CodeIgniter->handleRequest(null, Object(Config\Cache), false)
 9 FCPATH\index.php(79): CodeIgniter\CodeIgniter->run()
ERROR - 2023-11-10 22:13:51 --> mysqli_sql_exception: Column 'nombre' cannot be null in C:\xampp1\htdocs\aereoz\vendor\codeigniter4\framework\system\Database\MySQLi\Connection.php:306
Stack trace:
#0 C:\xampp1\htdocs\aereoz\vendor\codeigniter4\framework\system\Database\MySQLi\Connection.php(306): mysqli->query('INSERT INTO `re...', 0)
#1 C:\xampp1\htdocs\aereoz\vendor\codeigniter4\framework\system\Database\BaseConnection.php(692): CodeIgniter\Database\MySQLi\Connection->execute('INSERT INTO `re...')
#2 C:\xampp1\htdocs\aereoz\vendor\codeigniter4\framework\system\Database\BaseConnection.php(606): CodeIgniter\Database\BaseConnection->simpleQuery('INSERT INTO `re...')
#3 C:\xampp1\htdocs\aereoz\vendor\codeigniter4\framework\system\Database\BaseBuilder.php(2308): CodeIgniter\Database\BaseConnection->query('INSERT INTO `re...', Array, false)
#4 C:\xampp1\htdocs\aereoz\vendor\codeigniter4\framework\system\Model.php(319): CodeIgniter\Database\BaseBuilder->insert()
#5 C:\xampp1\htdocs\aereoz\vendor\codeigniter4\framework\system\BaseModel.php(788): CodeIgniter\Model->doInsert(Array)
#6 C:\xampp1\htdocs\aereoz\vendor\codeigniter4\framework\system\Model.php(715): CodeIgniter\BaseModel->insert(Array, true)
#7 C:\xampp1\htdocs\aereoz\app\Controllers\Reserva.php(26): CodeIgniter\Model->insert(Array)
#8 C:\xampp1\htdocs\aereoz\vendor\codeigniter4\framework\system\CodeIgniter.php(919): App\Controllers\Reserva->procesar()
#9 C:\xampp1\htdocs\aereoz\vendor\codeigniter4\framework\system\CodeIgniter.php(494): CodeIgniter\CodeIgniter->runController(Object(App\Controllers\Reserva))
#10 C:\xampp1\htdocs\aereoz\vendor\codeigniter4\framework\system\CodeIgniter.php(353): CodeIgniter\CodeIgniter->handleRequest(NULL, Object(Config\Cache), false)
#11 C:\xampp1\htdocs\aereoz\public\index.php(79): CodeIgniter\CodeIgniter->run()
#12 {main}
CRITICAL - 2023-11-10 22:13:51 --> Column 'nombre' cannot be null
in SYSTEMPATH\Database\BaseConnection.php on line 646.
 1 SYSTEMPATH\Database\BaseBuilder.php(2308): CodeIgniter\Database\BaseConnection->query('INSERT INTO `reservas` (`nombre`, `apellidos`, `email`, `telefono`, `direccion`, `fecha_nacimiento`, `nacionalidad`, `dni`, `asientos`) VALUES (:nombre:, :apellidos:, :email:, :telefono:, :direccion:, :fecha_nacimiento:, :nacionalidad:, :dni:, :asientos:)', [...], false)
 2 SYSTEMPATH\Model.php(319): CodeIgniter\Database\BaseBuilder->insert()
 3 SYSTEMPATH\BaseModel.php(788): CodeIgniter\Model->doInsert([...])
 4 SYSTEMPATH\Model.php(715): CodeIgniter\BaseModel->insert([...], true)
 5 APPPATH\Controllers\Reserva.php(26): CodeIgniter\Model->insert([...])
 6 SYSTEMPATH\CodeIgniter.php(919): App\Controllers\Reserva->procesar()
 7 SYSTEMPATH\CodeIgniter.php(494): CodeIgniter\CodeIgniter->runController(Object(App\Controllers\Reserva))
 8 SYSTEMPATH\CodeIgniter.php(353): CodeIgniter\CodeIgniter->handleRequest(null, Object(Config\Cache), false)
 9 FCPATH\index.php(79): CodeIgniter\CodeIgniter->run()
ERROR - 2023-11-10 22:15:52 --> mysqli_sql_exception: Column 'nombre' cannot be null in C:\xampp1\htdocs\aereoz\vendor\codeigniter4\framework\system\Database\MySQLi\Connection.php:306
Stack trace:
#0 C:\xampp1\htdocs\aereoz\vendor\codeigniter4\framework\system\Database\MySQLi\Connection.php(306): mysqli->query('INSERT INTO `re...', 0)
#1 C:\xampp1\htdocs\aereoz\vendor\codeigniter4\framework\system\Database\BaseConnection.php(692): CodeIgniter\Database\MySQLi\Connection->execute('INSERT INTO `re...')
#2 C:\xampp1\htdocs\aereoz\vendor\codeigniter4\framework\system\Database\BaseConnection.php(606): CodeIgniter\Database\BaseConnection->simpleQuery('INSERT INTO `re...')
#3 C:\xampp1\htdocs\aereoz\vendor\codeigniter4\framework\system\Database\BaseBuilder.php(2308): CodeIgniter\Database\BaseConnection->query('INSERT INTO `re...', Array, false)
#4 C:\xampp1\htdocs\aereoz\vendor\codeigniter4\framework\system\Model.php(319): CodeIgniter\Database\BaseBuilder->insert()
#5 C:\xampp1\htdocs\aereoz\vendor\codeigniter4\framework\system\BaseModel.php(788): CodeIgniter\Model->doInsert(Array)
#6 C:\xampp1\htdocs\aereoz\vendor\codeigniter4\framework\system\Model.php(715): CodeIgniter\BaseModel->insert(Array, true)
#7 C:\xampp1\htdocs\aereoz\app\Controllers\Reserva.php(26): CodeIgniter\Model->insert(Array)
#8 C:\xampp1\htdocs\aereoz\vendor\codeigniter4\framework\system\CodeIgniter.php(919): App\Controllers\Reserva->procesar()
#9 C:\xampp1\htdocs\aereoz\vendor\codeigniter4\framework\system\CodeIgniter.php(494): CodeIgniter\CodeIgniter->runController(Object(App\Controllers\Reserva))
#10 C:\xampp1\htdocs\aereoz\vendor\codeigniter4\framework\system\CodeIgniter.php(353): CodeIgniter\CodeIgniter->handleRequest(NULL, Object(Config\Cache), false)
#11 C:\xampp1\htdocs\aereoz\public\index.php(79): CodeIgniter\CodeIgniter->run()
#12 {main}
CRITICAL - 2023-11-10 22:15:52 --> Column 'nombre' cannot be null
in SYSTEMPATH\Database\BaseConnection.php on line 646.
 1 SYSTEMPATH\Database\BaseBuilder.php(2308): CodeIgniter\Database\BaseConnection->query('INSERT INTO `reservas` (`nombre`, `apellidos`, `email`, `telefono`, `direccion`, `fecha_nacimiento`, `nacionalidad`, `dni`, `asientos`) VALUES (:nombre:, :apellidos:, :email:, :telefono:, :direccion:, :fecha_nacimiento:, :nacionalidad:, :dni:, :asientos:)', [...], false)
 2 SYSTEMPATH\Model.php(319): CodeIgniter\Database\BaseBuilder->insert()
 3 SYSTEMPATH\BaseModel.php(788): CodeIgniter\Model->doInsert([...])
 4 SYSTEMPATH\Model.php(715): CodeIgniter\BaseModel->insert([...], true)
 5 APPPATH\Controllers\Reserva.php(26): CodeIgniter\Model->insert([...])
 6 SYSTEMPATH\CodeIgniter.php(919): App\Controllers\Reserva->procesar()
 7 SYSTEMPATH\CodeIgniter.php(494): CodeIgniter\CodeIgniter->runController(Object(App\Controllers\Reserva))
 8 SYSTEMPATH\CodeIgniter.php(353): CodeIgniter\CodeIgniter->handleRequest(null, Object(Config\Cache), false)
 9 FCPATH\index.php(79): CodeIgniter\CodeIgniter->run()
ERROR - 2023-11-10 22:15:53 --> mysqli_sql_exception: Column 'nombre' cannot be null in C:\xampp1\htdocs\aereoz\vendor\codeigniter4\framework\system\Database\MySQLi\Connection.php:306
Stack trace:
#0 C:\xampp1\htdocs\aereoz\vendor\codeigniter4\framework\system\Database\MySQLi\Connection.php(306): mysqli->query('INSERT INTO `re...', 0)
#1 C:\xampp1\htdocs\aereoz\vendor\codeigniter4\framework\system\Database\BaseConnection.php(692): CodeIgniter\Database\MySQLi\Connection->execute('INSERT INTO `re...')
#2 C:\xampp1\htdocs\aereoz\vendor\codeigniter4\framework\system\Database\BaseConnection.php(606): CodeIgniter\Database\BaseConnection->simpleQuery('INSERT INTO `re...')
#3 C:\xampp1\htdocs\aereoz\vendor\codeigniter4\framework\system\Database\BaseBuilder.php(2308): CodeIgniter\Database\BaseConnection->query('INSERT INTO `re...', Array, false)
#4 C:\xampp1\htdocs\aereoz\vendor\codeigniter4\framework\system\Model.php(319): CodeIgniter\Database\BaseBuilder->insert()
#5 C:\xampp1\htdocs\aereoz\vendor\codeigniter4\framework\system\BaseModel.php(788): CodeIgniter\Model->doInsert(Array)
#6 C:\xampp1\htdocs\aereoz\vendor\codeigniter4\framework\system\Model.php(715): CodeIgniter\BaseModel->insert(Array, true)
#7 C:\xampp1\htdocs\aereoz\app\Controllers\Reserva.php(26): CodeIgniter\Model->insert(Array)
#8 C:\xampp1\htdocs\aereoz\vendor\codeigniter4\framework\system\CodeIgniter.php(919): App\Controllers\Reserva->procesar()
#9 C:\xampp1\htdocs\aereoz\vendor\codeigniter4\framework\system\CodeIgniter.php(494): CodeIgniter\CodeIgniter->runController(Object(App\Controllers\Reserva))
#10 C:\xampp1\htdocs\aereoz\vendor\codeigniter4\framework\system\CodeIgniter.php(353): CodeIgniter\CodeIgniter->handleRequest(NULL, Object(Config\Cache), false)
#11 C:\xampp1\htdocs\aereoz\public\index.php(79): CodeIgniter\CodeIgniter->run()
#12 {main}
CRITICAL - 2023-11-10 22:15:53 --> Column 'nombre' cannot be null
in SYSTEMPATH\Database\BaseConnection.php on line 646.
 1 SYSTEMPATH\Database\BaseBuilder.php(2308): CodeIgniter\Database\BaseConnection->query('INSERT INTO `reservas` (`nombre`, `apellidos`, `email`, `telefono`, `direccion`, `fecha_nacimiento`, `nacionalidad`, `dni`, `asientos`) VALUES (:nombre:, :apellidos:, :email:, :telefono:, :direccion:, :fecha_nacimiento:, :nacionalidad:, :dni:, :asientos:)', [...], false)
 2 SYSTEMPATH\Model.php(319): CodeIgniter\Database\BaseBuilder->insert()
 3 SYSTEMPATH\BaseModel.php(788): CodeIgniter\Model->doInsert([...])
 4 SYSTEMPATH\Model.php(715): CodeIgniter\BaseModel->insert([...], true)
 5 APPPATH\Controllers\Reserva.php(26): CodeIgniter\Model->insert([...])
 6 SYSTEMPATH\CodeIgniter.php(919): App\Controllers\Reserva->procesar()
 7 SYSTEMPATH\CodeIgniter.php(494): CodeIgniter\CodeIgniter->runController(Object(App\Controllers\Reserva))
 8 SYSTEMPATH\CodeIgniter.php(353): CodeIgniter\CodeIgniter->handleRequest(null, Object(Config\Cache), false)
 9 FCPATH\index.php(79): CodeIgniter\CodeIgniter->run()
CRITICAL - 2023-11-10 22:22:31 --> syntax error, unexpected token "}", expecting ";"
in APPPATH\Controllers\Reserva.php on line 12.
 1 SYSTEMPATH\Autoloader\Autoloader.php(285): CodeIgniter\Autoloader\Autoloader->includeFile('C:\\xampp1\\htdocs\\aereoz\\app\\Controllers\\Reserva.php')
 2 SYSTEMPATH\Autoloader\Autoloader.php(263): CodeIgniter\Autoloader\Autoloader->loadInNamespace('App\\Controllers\\Reserva')
 3 [internal function]: CodeIgniter\Autoloader\Autoloader->loadClass('App\\Controllers\\Reserva')
 4 SYSTEMPATH\CodeIgniter.php(877): class_exists('\\App\\Controllers\\Reserva', true)
 5 SYSTEMPATH\CodeIgniter.php(481): CodeIgniter\CodeIgniter->startController()
 6 SYSTEMPATH\CodeIgniter.php(353): CodeIgniter\CodeIgniter->handleRequest(null, Object(Config\Cache), false)
 7 FCPATH\index.php(79): CodeIgniter\CodeIgniter->run()
CRITICAL - 2023-11-10 22:22:33 --> syntax error, unexpected token "}", expecting ";"
in APPPATH\Controllers\Reserva.php on line 12.
 1 SYSTEMPATH\Autoloader\Autoloader.php(285): CodeIgniter\Autoloader\Autoloader->includeFile('C:\\xampp1\\htdocs\\aereoz\\app\\Controllers\\Reserva.php')
 2 SYSTEMPATH\Autoloader\Autoloader.php(263): CodeIgniter\Autoloader\Autoloader->loadInNamespace('App\\Controllers\\Reserva')
 3 [internal function]: CodeIgniter\Autoloader\Autoloader->loadClass('App\\Controllers\\Reserva')
 4 SYSTEMPATH\CodeIgniter.php(877): class_exists('\\App\\Controllers\\Reserva', true)
 5 SYSTEMPATH\CodeIgniter.php(481): CodeIgniter\CodeIgniter->startController()
 6 SYSTEMPATH\CodeIgniter.php(353): CodeIgniter\CodeIgniter->handleRequest(null, Object(Config\Cache), false)
 7 FCPATH\index.php(79): CodeIgniter\CodeIgniter->run()
INFO - 2023-11-10 22:48:36 --> Session: Class initialized using 'CodeIgniter\Session\Handlers\FileHandler' driver.
INFO - 2023-11-10 22:48:41 --> Session: Class initialized using 'CodeIgniter\Session\Handlers\FileHandler' driver.
INFO - 2023-11-10 22:48:41 --> Session: Class initialized using 'CodeIgniter\Session\Handlers\FileHandler' driver.
INFO - 2023-11-10 22:48:54 --> Session: Class initialized using 'CodeIgniter\Session\Handlers\FileHandler' driver.
CRITICAL - 2023-11-10 22:50:41 --> syntax error, unexpected token "}", expecting "," or ";"
in APPPATH\Config\Filters.php on line 75.
 1 SYSTEMPATH\Autoloader\Autoloader.php(285): CodeIgniter\Autoloader\Autoloader->includeFile('C:\\xampp1\\htdocs\\aereoz\\app\\Config\\Filters.php')
 2 SYSTEMPATH\Autoloader\Autoloader.php(263): CodeIgniter\Autoloader\Autoloader->loadInNamespace('Config\\Filters')
 3 [internal function]: CodeIgniter\Autoloader\Autoloader->loadClass('Config\\Filters')
 4 SYSTEMPATH\Config\Factories.php(277): class_exists('Config\\Filters')
 5 SYSTEMPATH\Config\Factories.php(196): CodeIgniter\Config\Factories::locateClass([...], 'Config\\Filters')
 6 SYSTEMPATH\Config\Factories.php(155): CodeIgniter\Config\Factories::getDefinedInstance([...], 'Config\\Filters', [])
 7 SYSTEMPATH\Common.php(217): CodeIgniter\Config\Factories::__callStatic('config', [])
 8 SYSTEMPATH\Config\Services.php(290): config('Config\\Filters')
 9 SYSTEMPATH\Config\BaseService.php(258): CodeIgniter\Config\Services::filters(null, false)
10 SYSTEMPATH\Config\BaseService.php(199): CodeIgniter\Config\BaseService::__callStatic('filters', [...])
11 SYSTEMPATH\Config\Services.php(287): CodeIgniter\Config\BaseService::getSharedInstance('filters', null)
12 SYSTEMPATH\Config\BaseService.php(258): CodeIgniter\Config\Services::filters()
13 SYSTEMPATH\CodeIgniter.php(448): CodeIgniter\Config\BaseService::__callStatic('filters', [])
14 SYSTEMPATH\CodeIgniter.php(353): CodeIgniter\CodeIgniter->handleRequest(null, Object(Config\Cache), false)
15 FCPATH\index.php(79): CodeIgniter\CodeIgniter->run()
CRITICAL - 2023-11-10 22:51:27 --> syntax error, unexpected token "}", expecting "," or ";"
in APPPATH\Config\Filters.php on line 77.
 1 SYSTEMPATH\Autoloader\Autoloader.php(285): CodeIgniter\Autoloader\Autoloader->includeFile('C:\\xampp1\\htdocs\\aereoz\\app\\Config\\Filters.php')
 2 SYSTEMPATH\Autoloader\Autoloader.php(263): CodeIgniter\Autoloader\Autoloader->loadInNamespace('Config\\Filters')
 3 [internal function]: CodeIgniter\Autoloader\Autoloader->loadClass('Config\\Filters')
 4 SYSTEMPATH\Config\Factories.php(277): class_exists('Config\\Filters')
 5 SYSTEMPATH\Config\Factories.php(196): CodeIgniter\Config\Factories::locateClass([...], 'Config\\Filters')
 6 SYSTEMPATH\Config\Factories.php(155): CodeIgniter\Config\Factories::getDefinedInstance([...], 'Config\\Filters', [])
 7 SYSTEMPATH\Common.php(217): CodeIgniter\Config\Factories::__callStatic('config', [])
 8 SYSTEMPATH\Config\Services.php(290): config('Config\\Filters')
 9 SYSTEMPATH\Config\BaseService.php(258): CodeIgniter\Config\Services::filters(null, false)
10 SYSTEMPATH\Config\BaseService.php(199): CodeIgniter\Config\BaseService::__callStatic('filters', [...])
11 SYSTEMPATH\Config\Services.php(287): CodeIgniter\Config\BaseService::getSharedInstance('filters', null)
12 SYSTEMPATH\Config\BaseService.php(258): CodeIgniter\Config\Services::filters()
13 SYSTEMPATH\CodeIgniter.php(448): CodeIgniter\Config\BaseService::__callStatic('filters', [])
14 SYSTEMPATH\CodeIgniter.php(353): CodeIgniter\CodeIgniter->handleRequest(null, Object(Config\Cache), false)
15 FCPATH\index.php(79): CodeIgniter\CodeIgniter->run()
CRITICAL - 2023-11-10 22:51:30 --> syntax error, unexpected token "}", expecting "," or ";"
in APPPATH\Config\Filters.php on line 77.
 1 SYSTEMPATH\Autoloader\Autoloader.php(285): CodeIgniter\Autoloader\Autoloader->includeFile('C:\\xampp1\\htdocs\\aereoz\\app\\Config\\Filters.php')
 2 SYSTEMPATH\Autoloader\Autoloader.php(263): CodeIgniter\Autoloader\Autoloader->loadInNamespace('Config\\Filters')
 3 [internal function]: CodeIgniter\Autoloader\Autoloader->loadClass('Config\\Filters')
 4 SYSTEMPATH\Config\Factories.php(277): class_exists('Config\\Filters')
 5 SYSTEMPATH\Config\Factories.php(196): CodeIgniter\Config\Factories::locateClass([...], 'Config\\Filters')
 6 SYSTEMPATH\Config\Factories.php(155): CodeIgniter\Config\Factories::getDefinedInstance([...], 'Config\\Filters', [])
 7 SYSTEMPATH\Common.php(217): CodeIgniter\Config\Factories::__callStatic('config', [])
 8 SYSTEMPATH\Config\Services.php(290): config('Config\\Filters')
 9 SYSTEMPATH\Config\BaseService.php(258): CodeIgniter\Config\Services::filters(null, false)
10 SYSTEMPATH\Config\BaseService.php(199): CodeIgniter\Config\BaseService::__callStatic('filters', [...])
11 SYSTEMPATH\Config\Services.php(287): CodeIgniter\Config\BaseService::getSharedInstance('filters', null)
12 SYSTEMPATH\Config\BaseService.php(258): CodeIgniter\Config\Services::filters()
13 SYSTEMPATH\CodeIgniter.php(448): CodeIgniter\Config\BaseService::__callStatic('filters', [])
14 SYSTEMPATH\CodeIgniter.php(353): CodeIgniter\CodeIgniter->handleRequest(null, Object(Config\Cache), false)
15 FCPATH\index.php(79): CodeIgniter\CodeIgniter->run()
CRITICAL - 2023-11-10 22:51:30 --> syntax error, unexpected token "}", expecting "," or ";"
in APPPATH\Config\Filters.php on line 77.
 1 SYSTEMPATH\Autoloader\Autoloader.php(285): CodeIgniter\Autoloader\Autoloader->includeFile('C:\\xampp1\\htdocs\\aereoz\\app\\Config\\Filters.php')
 2 SYSTEMPATH\Autoloader\Autoloader.php(263): CodeIgniter\Autoloader\Autoloader->loadInNamespace('Config\\Filters')
 3 [internal function]: CodeIgniter\Autoloader\Autoloader->loadClass('Config\\Filters')
 4 SYSTEMPATH\Config\Factories.php(277): class_exists('Config\\Filters')
 5 SYSTEMPATH\Config\Factories.php(196): CodeIgniter\Config\Factories::locateClass([...], 'Config\\Filters')
 6 SYSTEMPATH\Config\Factories.php(155): CodeIgniter\Config\Factories::getDefinedInstance([...], 'Config\\Filters', [])
 7 SYSTEMPATH\Common.php(217): CodeIgniter\Config\Factories::__callStatic('config', [])
 8 SYSTEMPATH\Config\Services.php(290): config('Config\\Filters')
 9 SYSTEMPATH\Config\BaseService.php(258): CodeIgniter\Config\Services::filters(null, false)
10 SYSTEMPATH\Config\BaseService.php(199): CodeIgniter\Config\BaseService::__callStatic('filters', [...])
11 SYSTEMPATH\Config\Services.php(287): CodeIgniter\Config\BaseService::getSharedInstance('filters', null)
12 SYSTEMPATH\Config\BaseService.php(258): CodeIgniter\Config\Services::filters()
13 SYSTEMPATH\CodeIgniter.php(448): CodeIgniter\Config\BaseService::__callStatic('filters', [])
14 SYSTEMPATH\CodeIgniter.php(353): CodeIgniter\CodeIgniter->handleRequest(null, Object(Config\Cache), false)
15 FCPATH\index.php(79): CodeIgniter\CodeIgniter->run()
CRITICAL - 2023-11-10 22:51:31 --> syntax error, unexpected token "}", expecting "," or ";"
in APPPATH\Config\Filters.php on line 77.
 1 SYSTEMPATH\Autoloader\Autoloader.php(285): CodeIgniter\Autoloader\Autoloader->includeFile('C:\\xampp1\\htdocs\\aereoz\\app\\Config\\Filters.php')
 2 SYSTEMPATH\Autoloader\Autoloader.php(263): CodeIgniter\Autoloader\Autoloader->loadInNamespace('Config\\Filters')
 3 [internal function]: CodeIgniter\Autoloader\Autoloader->loadClass('Config\\Filters')
 4 SYSTEMPATH\Config\Factories.php(277): class_exists('Config\\Filters')
 5 SYSTEMPATH\Config\Factories.php(196): CodeIgniter\Config\Factories::locateClass([...], 'Config\\Filters')
 6 SYSTEMPATH\Config\Factories.php(155): CodeIgniter\Config\Factories::getDefinedInstance([...], 'Config\\Filters', [])
 7 SYSTEMPATH\Common.php(217): CodeIgniter\Config\Factories::__callStatic('config', [])
 8 SYSTEMPATH\Config\Services.php(290): config('Config\\Filters')
 9 SYSTEMPATH\Config\BaseService.php(258): CodeIgniter\Config\Services::filters(null, false)
10 SYSTEMPATH\Config\BaseService.php(199): CodeIgniter\Config\BaseService::__callStatic('filters', [...])
11 SYSTEMPATH\Config\Services.php(287): CodeIgniter\Config\BaseService::getSharedInstance('filters', null)
12 SYSTEMPATH\Config\BaseService.php(258): CodeIgniter\Config\Services::filters()
13 SYSTEMPATH\CodeIgniter.php(448): CodeIgniter\Config\BaseService::__callStatic('filters', [])
14 SYSTEMPATH\CodeIgniter.php(353): CodeIgniter\CodeIgniter->handleRequest(null, Object(Config\Cache), false)
15 FCPATH\index.php(79): CodeIgniter\CodeIgniter->run()
CRITICAL - 2023-11-10 22:51:32 --> syntax error, unexpected token "}", expecting "," or ";"
in APPPATH\Config\Filters.php on line 77.
 1 SYSTEMPATH\Autoloader\Autoloader.php(285): CodeIgniter\Autoloader\Autoloader->includeFile('C:\\xampp1\\htdocs\\aereoz\\app\\Config\\Filters.php')
 2 SYSTEMPATH\Autoloader\Autoloader.php(263): CodeIgniter\Autoloader\Autoloader->loadInNamespace('Config\\Filters')
 3 [internal function]: CodeIgniter\Autoloader\Autoloader->loadClass('Config\\Filters')
 4 SYSTEMPATH\Config\Factories.php(277): class_exists('Config\\Filters')
 5 SYSTEMPATH\Config\Factories.php(196): CodeIgniter\Config\Factories::locateClass([...], 'Config\\Filters')
 6 SYSTEMPATH\Config\Factories.php(155): CodeIgniter\Config\Factories::getDefinedInstance([...], 'Config\\Filters', [])
 7 SYSTEMPATH\Common.php(217): CodeIgniter\Config\Factories::__callStatic('config', [])
 8 SYSTEMPATH\Config\Services.php(290): config('Config\\Filters')
 9 SYSTEMPATH\Config\BaseService.php(258): CodeIgniter\Config\Services::filters(null, false)
10 SYSTEMPATH\Config\BaseService.php(199): CodeIgniter\Config\BaseService::__callStatic('filters', [...])
11 SYSTEMPATH\Config\Services.php(287): CodeIgniter\Config\BaseService::getSharedInstance('filters', null)
12 SYSTEMPATH\Config\BaseService.php(258): CodeIgniter\Config\Services::filters()
13 SYSTEMPATH\CodeIgniter.php(448): CodeIgniter\Config\BaseService::__callStatic('filters', [])
14 SYSTEMPATH\CodeIgniter.php(353): CodeIgniter\CodeIgniter->handleRequest(null, Object(Config\Cache), false)
15 FCPATH\index.php(79): CodeIgniter\CodeIgniter->run()
CRITICAL - 2023-11-10 22:51:32 --> syntax error, unexpected token "}", expecting "," or ";"
in APPPATH\Config\Filters.php on line 77.
 1 SYSTEMPATH\Autoloader\Autoloader.php(285): CodeIgniter\Autoloader\Autoloader->includeFile('C:\\xampp1\\htdocs\\aereoz\\app\\Config\\Filters.php')
 2 SYSTEMPATH\Autoloader\Autoloader.php(263): CodeIgniter\Autoloader\Autoloader->loadInNamespace('Config\\Filters')
 3 [internal function]: CodeIgniter\Autoloader\Autoloader->loadClass('Config\\Filters')
 4 SYSTEMPATH\Config\Factories.php(277): class_exists('Config\\Filters')
 5 SYSTEMPATH\Config\Factories.php(196): CodeIgniter\Config\Factories::locateClass([...], 'Config\\Filters')
 6 SYSTEMPATH\Config\Factories.php(155): CodeIgniter\Config\Factories::getDefinedInstance([...], 'Config\\Filters', [])
 7 SYSTEMPATH\Common.php(217): CodeIgniter\Config\Factories::__callStatic('config', [])
 8 SYSTEMPATH\Config\Services.php(290): config('Config\\Filters')
 9 SYSTEMPATH\Config\BaseService.php(258): CodeIgniter\Config\Services::filters(null, false)
10 SYSTEMPATH\Config\BaseService.php(199): CodeIgniter\Config\BaseService::__callStatic('filters', [...])
11 SYSTEMPATH\Config\Services.php(287): CodeIgniter\Config\BaseService::getSharedInstance('filters', null)
12 SYSTEMPATH\Config\BaseService.php(258): CodeIgniter\Config\Services::filters()
13 SYSTEMPATH\CodeIgniter.php(448): CodeIgniter\Config\BaseService::__callStatic('filters', [])
14 SYSTEMPATH\CodeIgniter.php(353): CodeIgniter\CodeIgniter->handleRequest(null, Object(Config\Cache), false)
15 FCPATH\index.php(79): CodeIgniter\CodeIgniter->run()
CRITICAL - 2023-11-10 22:51:32 --> syntax error, unexpected token "}", expecting "," or ";"
in APPPATH\Config\Filters.php on line 77.
 1 SYSTEMPATH\Autoloader\Autoloader.php(285): CodeIgniter\Autoloader\Autoloader->includeFile('C:\\xampp1\\htdocs\\aereoz\\app\\Config\\Filters.php')
 2 SYSTEMPATH\Autoloader\Autoloader.php(263): CodeIgniter\Autoloader\Autoloader->loadInNamespace('Config\\Filters')
 3 [internal function]: CodeIgniter\Autoloader\Autoloader->loadClass('Config\\Filters')
 4 SYSTEMPATH\Config\Factories.php(277): class_exists('Config\\Filters')
 5 SYSTEMPATH\Config\Factories.php(196): CodeIgniter\Config\Factories::locateClass([...], 'Config\\Filters')
 6 SYSTEMPATH\Config\Factories.php(155): CodeIgniter\Config\Factories::getDefinedInstance([...], 'Config\\Filters', [])
 7 SYSTEMPATH\Common.php(217): CodeIgniter\Config\Factories::__callStatic('config', [])
 8 SYSTEMPATH\Config\Services.php(290): config('Config\\Filters')
 9 SYSTEMPATH\Config\BaseService.php(258): CodeIgniter\Config\Services::filters(null, false)
10 SYSTEMPATH\Config\BaseService.php(199): CodeIgniter\Config\BaseService::__callStatic('filters', [...])
11 SYSTEMPATH\Config\Services.php(287): CodeIgniter\Config\BaseService::getSharedInstance('filters', null)
12 SYSTEMPATH\Config\BaseService.php(258): CodeIgniter\Config\Services::filters()
13 SYSTEMPATH\CodeIgniter.php(448): CodeIgniter\Config\BaseService::__callStatic('filters', [])
14 SYSTEMPATH\CodeIgniter.php(353): CodeIgniter\CodeIgniter->handleRequest(null, Object(Config\Cache), false)
15 FCPATH\index.php(79): CodeIgniter\CodeIgniter->run()
CRITICAL - 2023-11-10 22:51:33 --> syntax error, unexpected token "}", expecting "," or ";"
in APPPATH\Config\Filters.php on line 77.
 1 SYSTEMPATH\Autoloader\Autoloader.php(285): CodeIgniter\Autoloader\Autoloader->includeFile('C:\\xampp1\\htdocs\\aereoz\\app\\Config\\Filters.php')
 2 SYSTEMPATH\Autoloader\Autoloader.php(263): CodeIgniter\Autoloader\Autoloader->loadInNamespace('Config\\Filters')
 3 [internal function]: CodeIgniter\Autoloader\Autoloader->loadClass('Config\\Filters')
 4 SYSTEMPATH\Config\Factories.php(277): class_exists('Config\\Filters')
 5 SYSTEMPATH\Config\Factories.php(196): CodeIgniter\Config\Factories::locateClass([...], 'Config\\Filters')
 6 SYSTEMPATH\Config\Factories.php(155): CodeIgniter\Config\Factories::getDefinedInstance([...], 'Config\\Filters', [])
 7 SYSTEMPATH\Common.php(217): CodeIgniter\Config\Factories::__callStatic('config', [])
 8 SYSTEMPATH\Config\Services.php(290): config('Config\\Filters')
 9 SYSTEMPATH\Config\BaseService.php(258): CodeIgniter\Config\Services::filters(null, false)
10 SYSTEMPATH\Config\BaseService.php(199): CodeIgniter\Config\BaseService::__callStatic('filters', [...])
11 SYSTEMPATH\Config\Services.php(287): CodeIgniter\Config\BaseService::getSharedInstance('filters', null)
12 SYSTEMPATH\Config\BaseService.php(258): CodeIgniter\Config\Services::filters()
13 SYSTEMPATH\CodeIgniter.php(448): CodeIgniter\Config\BaseService::__callStatic('filters', [])
14 SYSTEMPATH\CodeIgniter.php(353): CodeIgniter\CodeIgniter->handleRequest(null, Object(Config\Cache), false)
15 FCPATH\index.php(79): CodeIgniter\CodeIgniter->run()
CRITICAL - 2023-11-10 22:52:46 --> syntax error, unexpected token "}", expecting "," or ";"
in APPPATH\Config\Filters.php on line 76.
 1 SYSTEMPATH\Autoloader\Autoloader.php(285): CodeIgniter\Autoloader\Autoloader->includeFile('C:\\xampp1\\htdocs\\aereoz\\app\\Config\\Filters.php')
 2 SYSTEMPATH\Autoloader\Autoloader.php(263): CodeIgniter\Autoloader\Autoloader->loadInNamespace('Config\\Filters')
 3 [internal function]: CodeIgniter\Autoloader\Autoloader->loadClass('Config\\Filters')
 4 SYSTEMPATH\Config\Factories.php(277): class_exists('Config\\Filters')
 5 SYSTEMPATH\Config\Factories.php(196): CodeIgniter\Config\Factories::locateClass([...], 'Config\\Filters')
 6 SYSTEMPATH\Config\Factories.php(155): CodeIgniter\Config\Factories::getDefinedInstance([...], 'Config\\Filters', [])
 7 SYSTEMPATH\Common.php(217): CodeIgniter\Config\Factories::__callStatic('config', [])
 8 SYSTEMPATH\Config\Services.php(290): config('Config\\Filters')
 9 SYSTEMPATH\Config\BaseService.php(258): CodeIgniter\Config\Services::filters(null, false)
10 SYSTEMPATH\Config\BaseService.php(199): CodeIgniter\Config\BaseService::__callStatic('filters', [...])
11 SYSTEMPATH\Config\Services.php(287): CodeIgniter\Config\BaseService::getSharedInstance('filters', null)
12 SYSTEMPATH\Config\BaseService.php(258): CodeIgniter\Config\Services::filters()
13 SYSTEMPATH\CodeIgniter.php(448): CodeIgniter\Config\BaseService::__callStatic('filters', [])
14 SYSTEMPATH\CodeIgniter.php(353): CodeIgniter\CodeIgniter->handleRequest(null, Object(Config\Cache), false)
15 FCPATH\index.php(79): CodeIgniter\CodeIgniter->run()
CRITICAL - 2023-11-10 22:52:48 --> syntax error, unexpected token "}", expecting "," or ";"
in APPPATH\Config\Filters.php on line 76.
 1 SYSTEMPATH\Autoloader\Autoloader.php(285): CodeIgniter\Autoloader\Autoloader->includeFile('C:\\xampp1\\htdocs\\aereoz\\app\\Config\\Filters.php')
 2 SYSTEMPATH\Autoloader\Autoloader.php(263): CodeIgniter\Autoloader\Autoloader->loadInNamespace('Config\\Filters')
 3 [internal function]: CodeIgniter\Autoloader\Autoloader->loadClass('Config\\Filters')
 4 SYSTEMPATH\Config\Factories.php(277): class_exists('Config\\Filters')
 5 SYSTEMPATH\Config\Factories.php(196): CodeIgniter\Config\Factories::locateClass([...], 'Config\\Filters')
 6 SYSTEMPATH\Config\Factories.php(155): CodeIgniter\Config\Factories::getDefinedInstance([...], 'Config\\Filters', [])
 7 SYSTEMPATH\Common.php(217): CodeIgniter\Config\Factories::__callStatic('config', [])
 8 SYSTEMPATH\Config\Services.php(290): config('Config\\Filters')
 9 SYSTEMPATH\Config\BaseService.php(258): CodeIgniter\Config\Services::filters(null, false)
10 SYSTEMPATH\Config\BaseService.php(199): CodeIgniter\Config\BaseService::__callStatic('filters', [...])
11 SYSTEMPATH\Config\Services.php(287): CodeIgniter\Config\BaseService::getSharedInstance('filters', null)
12 SYSTEMPATH\Config\BaseService.php(258): CodeIgniter\Config\Services::filters()
13 SYSTEMPATH\CodeIgniter.php(448): CodeIgniter\Config\BaseService::__callStatic('filters', [])
14 SYSTEMPATH\CodeIgniter.php(353): CodeIgniter\CodeIgniter->handleRequest(null, Object(Config\Cache), false)
15 FCPATH\index.php(79): CodeIgniter\CodeIgniter->run()
CRITICAL - 2023-11-10 22:52:48 --> syntax error, unexpected token "}", expecting "," or ";"
in APPPATH\Config\Filters.php on line 76.
 1 SYSTEMPATH\Autoloader\Autoloader.php(285): CodeIgniter\Autoloader\Autoloader->includeFile('C:\\xampp1\\htdocs\\aereoz\\app\\Config\\Filters.php')
 2 SYSTEMPATH\Autoloader\Autoloader.php(263): CodeIgniter\Autoloader\Autoloader->loadInNamespace('Config\\Filters')
 3 [internal function]: CodeIgniter\Autoloader\Autoloader->loadClass('Config\\Filters')
 4 SYSTEMPATH\Config\Factories.php(277): class_exists('Config\\Filters')
 5 SYSTEMPATH\Config\Factories.php(196): CodeIgniter\Config\Factories::locateClass([...], 'Config\\Filters')
 6 SYSTEMPATH\Config\Factories.php(155): CodeIgniter\Config\Factories::getDefinedInstance([...], 'Config\\Filters', [])
 7 SYSTEMPATH\Common.php(217): CodeIgniter\Config\Factories::__callStatic('config', [])
 8 SYSTEMPATH\Config\Services.php(290): config('Config\\Filters')
 9 SYSTEMPATH\Config\BaseService.php(258): CodeIgniter\Config\Services::filters(null, false)
10 SYSTEMPATH\Config\BaseService.php(199): CodeIgniter\Config\BaseService::__callStatic('filters', [...])
11 SYSTEMPATH\Config\Services.php(287): CodeIgniter\Config\BaseService::getSharedInstance('filters', null)
12 SYSTEMPATH\Config\BaseService.php(258): CodeIgniter\Config\Services::filters()
13 SYSTEMPATH\CodeIgniter.php(448): CodeIgniter\Config\BaseService::__callStatic('filters', [])
14 SYSTEMPATH\CodeIgniter.php(353): CodeIgniter\CodeIgniter->handleRequest(null, Object(Config\Cache), false)
15 FCPATH\index.php(79): CodeIgniter\CodeIgniter->run()
CRITICAL - 2023-11-10 22:56:25 --> Undefined array key "SessionAdmin"
in SYSTEMPATH\Filters\Filters.php on line 554.
 1 SYSTEMPATH\Filters\Filters.php(554): CodeIgniter\Debug\Exceptions->errorHandler(2, 'Undefined array key "SessionAdmin"', 'C:\\xampp1\\htdocs\\aereoz\\vendor\\codeigniter4\\framework\\system\\Filters\\Filters.php', 554)
 2 SYSTEMPATH\Filters\Filters.php(515): CodeIgniter\Filters\Filters->registerArguments('SessionAdmin', [])
 3 SYSTEMPATH\Filters\Filters.php(248): CodeIgniter\Filters\Filters->processFilters('admin')
 4 SYSTEMPATH\Filters\Filters.php(170): CodeIgniter\Filters\Filters->initialize('admin')
 5 SYSTEMPATH\CodeIgniter.php(466): CodeIgniter\Filters\Filters->run('admin', 'before')
 6 SYSTEMPATH\CodeIgniter.php(353): CodeIgniter\CodeIgniter->handleRequest(null, Object(Config\Cache), false)
 7 FCPATH\index.php(79): CodeIgniter\CodeIgniter->run()
CRITICAL - 2023-11-10 22:56:26 --> Undefined array key "SessionAdmin"
in SYSTEMPATH\Filters\Filters.php on line 554.
 1 SYSTEMPATH\Filters\Filters.php(554): CodeIgniter\Debug\Exceptions->errorHandler(2, 'Undefined array key "SessionAdmin"', 'C:\\xampp1\\htdocs\\aereoz\\vendor\\codeigniter4\\framework\\system\\Filters\\Filters.php', 554)
 2 SYSTEMPATH\Filters\Filters.php(515): CodeIgniter\Filters\Filters->registerArguments('SessionAdmin', [])
 3 SYSTEMPATH\Filters\Filters.php(248): CodeIgniter\Filters\Filters->processFilters('admin')
 4 SYSTEMPATH\Filters\Filters.php(170): CodeIgniter\Filters\Filters->initialize('admin')
 5 SYSTEMPATH\CodeIgniter.php(466): CodeIgniter\Filters\Filters->run('admin', 'before')
 6 SYSTEMPATH\CodeIgniter.php(353): CodeIgniter\CodeIgniter->handleRequest(null, Object(Config\Cache), false)
 7 FCPATH\index.php(79): CodeIgniter\CodeIgniter->run()
CRITICAL - 2023-11-10 22:56:34 --> Undefined array key "SessionAdmin"
in SYSTEMPATH\Filters\Filters.php on line 554.
 1 SYSTEMPATH\Filters\Filters.php(554): CodeIgniter\Debug\Exceptions->errorHandler(2, 'Undefined array key "SessionAdmin"', 'C:\\xampp1\\htdocs\\aereoz\\vendor\\codeigniter4\\framework\\system\\Filters\\Filters.php', 554)
 2 SYSTEMPATH\Filters\Filters.php(515): CodeIgniter\Filters\Filters->registerArguments('SessionAdmin', [])
 3 SYSTEMPATH\Filters\Filters.php(248): CodeIgniter\Filters\Filters->processFilters('admin')
 4 SYSTEMPATH\Filters\Filters.php(170): CodeIgniter\Filters\Filters->initialize('admin')
 5 SYSTEMPATH\CodeIgniter.php(466): CodeIgniter\Filters\Filters->run('admin', 'before')
 6 SYSTEMPATH\CodeIgniter.php(353): CodeIgniter\CodeIgniter->handleRequest(null, Object(Config\Cache), false)
 7 FCPATH\index.php(79): CodeIgniter\CodeIgniter->run()
CRITICAL - 2023-11-10 22:57:15 --> Undefined array key "r"
in SYSTEMPATH\Filters\Filters.php on line 554.
 1 SYSTEMPATH\Filters\Filters.php(554): CodeIgniter\Debug\Exceptions->errorHandler(2, 'Undefined array key "r"', 'C:\\xampp1\\htdocs\\aereoz\\vendor\\codeigniter4\\framework\\system\\Filters\\Filters.php', 554)
 2 SYSTEMPATH\Filters\Filters.php(515): CodeIgniter\Filters\Filters->registerArguments('r', [])
 3 SYSTEMPATH\Filters\Filters.php(248): CodeIgniter\Filters\Filters->processFilters('admin')
 4 SYSTEMPATH\Filters\Filters.php(170): CodeIgniter\Filters\Filters->initialize('admin')
 5 SYSTEMPATH\CodeIgniter.php(466): CodeIgniter\Filters\Filters->run('admin', 'before')
 6 SYSTEMPATH\CodeIgniter.php(353): CodeIgniter\CodeIgniter->handleRequest(null, Object(Config\Cache), false)
 7 FCPATH\index.php(79): CodeIgniter\CodeIgniter->run()
CRITICAL - 2023-11-10 22:57:16 --> Undefined array key "r"
in SYSTEMPATH\Filters\Filters.php on line 554.
 1 SYSTEMPATH\Filters\Filters.php(554): CodeIgniter\Debug\Exceptions->errorHandler(2, 'Undefined array key "r"', 'C:\\xampp1\\htdocs\\aereoz\\vendor\\codeigniter4\\framework\\system\\Filters\\Filters.php', 554)
 2 SYSTEMPATH\Filters\Filters.php(515): CodeIgniter\Filters\Filters->registerArguments('r', [])
 3 SYSTEMPATH\Filters\Filters.php(248): CodeIgniter\Filters\Filters->processFilters('admin')
 4 SYSTEMPATH\Filters\Filters.php(170): CodeIgniter\Filters\Filters->initialize('admin')
 5 SYSTEMPATH\CodeIgniter.php(466): CodeIgniter\Filters\Filters->run('admin', 'before')
 6 SYSTEMPATH\CodeIgniter.php(353): CodeIgniter\CodeIgniter->handleRequest(null, Object(Config\Cache), false)
 7 FCPATH\index.php(79): CodeIgniter\CodeIgniter->run()
CRITICAL - 2023-11-10 22:57:16 --> Undefined array key "r"
in SYSTEMPATH\Filters\Filters.php on line 554.
 1 SYSTEMPATH\Filters\Filters.php(554): CodeIgniter\Debug\Exceptions->errorHandler(2, 'Undefined array key "r"', 'C:\\xampp1\\htdocs\\aereoz\\vendor\\codeigniter4\\framework\\system\\Filters\\Filters.php', 554)
 2 SYSTEMPATH\Filters\Filters.php(515): CodeIgniter\Filters\Filters->registerArguments('r', [])
 3 SYSTEMPATH\Filters\Filters.php(248): CodeIgniter\Filters\Filters->processFilters('admin')
 4 SYSTEMPATH\Filters\Filters.php(170): CodeIgniter\Filters\Filters->initialize('admin')
 5 SYSTEMPATH\CodeIgniter.php(466): CodeIgniter\Filters\Filters->run('admin', 'before')
 6 SYSTEMPATH\CodeIgniter.php(353): CodeIgniter\CodeIgniter->handleRequest(null, Object(Config\Cache), false)
 7 FCPATH\index.php(79): CodeIgniter\CodeIgniter->run()
CRITICAL - 2023-11-10 22:57:50 --> Undefined array key "Session"
in SYSTEMPATH\Filters\Filters.php on line 554.
 1 SYSTEMPATH\Filters\Filters.php(554): CodeIgniter\Debug\Exceptions->errorHandler(2, 'Undefined array key "Session"', 'C:\\xampp1\\htdocs\\aereoz\\vendor\\codeigniter4\\framework\\system\\Filters\\Filters.php', 554)
 2 SYSTEMPATH\Filters\Filters.php(515): CodeIgniter\Filters\Filters->registerArguments('Session', [])
 3 SYSTEMPATH\Filters\Filters.php(248): CodeIgniter\Filters\Filters->processFilters('admin')
 4 SYSTEMPATH\Filters\Filters.php(170): CodeIgniter\Filters\Filters->initialize('admin')
 5 SYSTEMPATH\CodeIgniter.php(466): CodeIgniter\Filters\Filters->run('admin', 'before')
 6 SYSTEMPATH\CodeIgniter.php(353): CodeIgniter\CodeIgniter->handleRequest(null, Object(Config\Cache), false)
 7 FCPATH\index.php(79): CodeIgniter\CodeIgniter->run()
CRITICAL - 2023-11-10 22:57:55 --> Undefined array key "Sessionr"
in SYSTEMPATH\Filters\Filters.php on line 554.
 1 SYSTEMPATH\Filters\Filters.php(554): CodeIgniter\Debug\Exceptions->errorHandler(2, 'Undefined array key "Sessionr"', 'C:\\xampp1\\htdocs\\aereoz\\vendor\\codeigniter4\\framework\\system\\Filters\\Filters.php', 554)
 2 SYSTEMPATH\Filters\Filters.php(515): CodeIgniter\Filters\Filters->registerArguments('Sessionr', [])
 3 SYSTEMPATH\Filters\Filters.php(248): CodeIgniter\Filters\Filters->processFilters('admin')
 4 SYSTEMPATH\Filters\Filters.php(170): CodeIgniter\Filters\Filters->initialize('admin')
 5 SYSTEMPATH\CodeIgniter.php(466): CodeIgniter\Filters\Filters->run('admin', 'before')
 6 SYSTEMPATH\CodeIgniter.php(353): CodeIgniter\CodeIgniter->handleRequest(null, Object(Config\Cache), false)
 7 FCPATH\index.php(79): CodeIgniter\CodeIgniter->run()
CRITICAL - 2023-11-10 22:58:20 --> Undefined array key "ses_data"
in SYSTEMPATH\Filters\Filters.php on line 554.
 1 SYSTEMPATH\Filters\Filters.php(554): CodeIgniter\Debug\Exceptions->errorHandler(2, 'Undefined array key "ses_data"', 'C:\\xampp1\\htdocs\\aereoz\\vendor\\codeigniter4\\framework\\system\\Filters\\Filters.php', 554)
 2 SYSTEMPATH\Filters\Filters.php(515): CodeIgniter\Filters\Filters->registerArguments('ses_data', [])
 3 SYSTEMPATH\Filters\Filters.php(248): CodeIgniter\Filters\Filters->processFilters('admin')
 4 SYSTEMPATH\Filters\Filters.php(170): CodeIgniter\Filters\Filters->initialize('admin')
 5 SYSTEMPATH\CodeIgniter.php(466): CodeIgniter\Filters\Filters->run('admin', 'before')
 6 SYSTEMPATH\CodeIgniter.php(353): CodeIgniter\CodeIgniter->handleRequest(null, Object(Config\Cache), false)
 7 FCPATH\index.php(79): CodeIgniter\CodeIgniter->run()
CRITICAL - 2023-11-10 22:58:33 --> Undefined array key "ses_data"
in SYSTEMPATH\Filters\Filters.php on line 554.
 1 SYSTEMPATH\Filters\Filters.php(554): CodeIgniter\Debug\Exceptions->errorHandler(2, 'Undefined array key "ses_data"', 'C:\\xampp1\\htdocs\\aereoz\\vendor\\codeigniter4\\framework\\system\\Filters\\Filters.php', 554)
 2 SYSTEMPATH\Filters\Filters.php(515): CodeIgniter\Filters\Filters->registerArguments('ses_data', [])
 3 SYSTEMPATH\Filters\Filters.php(248): CodeIgniter\Filters\Filters->processFilters('admin')
 4 SYSTEMPATH\Filters\Filters.php(170): CodeIgniter\Filters\Filters->initialize('admin')
 5 SYSTEMPATH\CodeIgniter.php(466): CodeIgniter\Filters\Filters->run('admin', 'before')
 6 SYSTEMPATH\CodeIgniter.php(353): CodeIgniter\CodeIgniter->handleRequest(null, Object(Config\Cache), false)
 7 FCPATH\index.php(79): CodeIgniter\CodeIgniter->run()
CRITICAL - 2023-11-10 22:58:43 --> Undefined array key "SessionAdmin"
in SYSTEMPATH\Filters\Filters.php on line 554.
 1 SYSTEMPATH\Filters\Filters.php(554): CodeIgniter\Debug\Exceptions->errorHandler(2, 'Undefined array key "SessionAdmin"', 'C:\\xampp1\\htdocs\\aereoz\\vendor\\codeigniter4\\framework\\system\\Filters\\Filters.php', 554)
 2 SYSTEMPATH\Filters\Filters.php(515): CodeIgniter\Filters\Filters->registerArguments('SessionAdmin', [])
 3 SYSTEMPATH\Filters\Filters.php(248): CodeIgniter\Filters\Filters->processFilters('admin')
 4 SYSTEMPATH\Filters\Filters.php(170): CodeIgniter\Filters\Filters->initialize('admin')
 5 SYSTEMPATH\CodeIgniter.php(466): CodeIgniter\Filters\Filters->run('admin', 'before')
 6 SYSTEMPATH\CodeIgniter.php(353): CodeIgniter\CodeIgniter->handleRequest(null, Object(Config\Cache), false)
 7 FCPATH\index.php(79): CodeIgniter\CodeIgniter->run()
CRITICAL - 2023-11-10 22:58:43 --> Undefined array key "SessionAdmin"
in SYSTEMPATH\Filters\Filters.php on line 554.
 1 SYSTEMPATH\Filters\Filters.php(554): CodeIgniter\Debug\Exceptions->errorHandler(2, 'Undefined array key "SessionAdmin"', 'C:\\xampp1\\htdocs\\aereoz\\vendor\\codeigniter4\\framework\\system\\Filters\\Filters.php', 554)
 2 SYSTEMPATH\Filters\Filters.php(515): CodeIgniter\Filters\Filters->registerArguments('SessionAdmin', [])
 3 SYSTEMPATH\Filters\Filters.php(248): CodeIgniter\Filters\Filters->processFilters('admin')
 4 SYSTEMPATH\Filters\Filters.php(170): CodeIgniter\Filters\Filters->initialize('admin')
 5 SYSTEMPATH\CodeIgniter.php(466): CodeIgniter\Filters\Filters->run('admin', 'before')
 6 SYSTEMPATH\CodeIgniter.php(353): CodeIgniter\CodeIgniter->handleRequest(null, Object(Config\Cache), false)
 7 FCPATH\index.php(79): CodeIgniter\CodeIgniter->run()
INFO - 2023-11-10 22:59:22 --> Session: Class initialized using 'CodeIgniter\Session\Handlers\FileHandler' driver.
INFO - 2023-11-10 22:59:38 --> Session: Class initialized using 'CodeIgniter\Session\Handlers\FileHandler' driver.
INFO - 2023-11-10 22:59:39 --> Session: Class initialized using 'CodeIgniter\Session\Handlers\FileHandler' driver.
INFO - 2023-11-10 22:59:41 --> Session: Class initialized using 'CodeIgniter\Session\Handlers\FileHandler' driver.
INFO - 2023-11-10 22:59:43 --> Session: Class initialized using 'CodeIgniter\Session\Handlers\FileHandler' driver.
INFO - 2023-11-10 23:00:01 --> Session: Class initialized using 'CodeIgniter\Session\Handlers\FileHandler' driver.
INFO - 2023-11-10 23:10:39 --> Session: Class initialized using 'CodeIgniter\Session\Handlers\FileHandler' driver.
INFO - 2023-11-10 23:10:42 --> Session: Class initialized using 'CodeIgniter\Session\Handlers\FileHandler' driver.
INFO - 2023-11-10 23:10:46 --> Session: Class initialized using 'CodeIgniter\Session\Handlers\FileHandler' driver.
INFO - 2023-11-10 23:11:08 --> Session: Class initialized using 'CodeIgniter\Session\Handlers\FileHandler' driver.
CRITICAL - 2023-11-10 23:11:08 --> Undefined array key "SessionA"
in SYSTEMPATH\Filters\Filters.php on line 554.
 1 SYSTEMPATH\Filters\Filters.php(554): CodeIgniter\Debug\Exceptions->errorHandler(2, 'Undefined array key "SessionA"', 'C:\\xampp1\\htdocs\\aereoz\\vendor\\codeigniter4\\framework\\system\\Filters\\Filters.php', 554)
 2 SYSTEMPATH\Filters\Filters.php(515): CodeIgniter\Filters\Filters->registerArguments('SessionA', [])
 3 SYSTEMPATH\Filters\Filters.php(248): CodeIgniter\Filters\Filters->processFilters('admin')
 4 SYSTEMPATH\Filters\Filters.php(170): CodeIgniter\Filters\Filters->initialize('admin')
 5 SYSTEMPATH\CodeIgniter.php(466): CodeIgniter\Filters\Filters->run('admin', 'before')
 6 SYSTEMPATH\CodeIgniter.php(353): CodeIgniter\CodeIgniter->handleRequest(null, Object(Config\Cache), false)
 7 FCPATH\index.php(79): CodeIgniter\CodeIgniter->run()
INFO - 2023-11-10 23:12:45 --> Session: Class initialized using 'CodeIgniter\Session\Handlers\FileHandler' driver.
INFO - 2023-11-10 23:12:46 --> Session: Class initialized using 'CodeIgniter\Session\Handlers\FileHandler' driver.
INFO - 2023-11-10 23:12:56 --> Session: Class initialized using 'CodeIgniter\Session\Handlers\FileHandler' driver.
CRITICAL - 2023-11-10 23:12:57 --> Undefined array key "SessionA"
in SYSTEMPATH\Filters\Filters.php on line 554.
 1 SYSTEMPATH\Filters\Filters.php(554): CodeIgniter\Debug\Exceptions->errorHandler(2, 'Undefined array key "SessionA"', 'C:\\xampp1\\htdocs\\aereoz\\vendor\\codeigniter4\\framework\\system\\Filters\\Filters.php', 554)
 2 SYSTEMPATH\Filters\Filters.php(515): CodeIgniter\Filters\Filters->registerArguments('SessionA', [])
 3 SYSTEMPATH\Filters\Filters.php(248): CodeIgniter\Filters\Filters->processFilters('admin')
 4 SYSTEMPATH\Filters\Filters.php(170): CodeIgniter\Filters\Filters->initialize('admin')
 5 SYSTEMPATH\CodeIgniter.php(466): CodeIgniter\Filters\Filters->run('admin', 'before')
 6 SYSTEMPATH\CodeIgniter.php(353): CodeIgniter\CodeIgniter->handleRequest(null, Object(Config\Cache), false)
 7 FCPATH\index.php(79): CodeIgniter\CodeIgniter->run()
INFO - 2023-11-10 23:14:01 --> Session: Class initialized using 'CodeIgniter\Session\Handlers\FileHandler' driver.
INFO - 2023-11-10 23:17:09 --> Session: Class initialized using 'CodeIgniter\Session\Handlers\FileHandler' driver.
INFO - 2023-11-10 23:17:12 --> Session: Class initialized using 'CodeIgniter\Session\Handlers\FileHandler' driver.
